SF:lib\icons\my_flutter_app_icons.dart
DA:19,0
LF:1
LH:0
end_of_record
SF:lib\screens\nest\editEgg.dart
DA:13,8
DA:15,4
DA:16,4
DA:25,4
DA:27,4
DA:28,12
DA:29,12
DA:30,16
DA:32,3
DA:34,2
DA:35,1
DA:36,1
DA:37,2
DA:38,1
DA:39,1
DA:41,16
DA:42,8
DA:43,4
DA:48,4
DA:50,8
DA:51,8
DA:52,4
DA:55,2
DA:56,4
DA:57,8
DA:58,6
DA:63,4
DA:65,4
DA:68,4
DA:70,16
DA:71,4
DA:72,4
DA:73,1
DA:74,2
DA:75,2
DA:76,4
DA:81,4
DA:85,4
DA:86,0
DA:87,0
DA:91,4
DA:95,4
DA:96,4
DA:97,4
DA:98,4
DA:99,4
DA:100,4
DA:107,0
DA:108,0
DA:109,0
DA:113,1
DA:114,2
DA:116,1
DA:117,1
DA:118,3
DA:121,1
DA:122,1
DA:123,1
DA:125,1
DA:126,1
DA:127,1
DA:128,1
DA:129,1
DA:133,1
DA:135,1
DA:136,1
DA:137,1
DA:141,0
DA:144,1
DA:149,4
DA:151,4
DA:152,4
DA:153,4
DA:154,4
DA:155,4
DA:156,4
DA:158,4
DA:159,4
DA:160,20
DA:161,8
DA:162,4
DA:163,4
DA:164,4
DA:165,36
DA:167,4
DA:168,20
DA:172,4
DA:173,4
LF:88
LH:82
end_of_record
SF:lib\services\sharedPreferencesService.dart
DA:12,1
DA:16,3
DA:18,1
DA:19,2
DA:20,1
DA:21,1
DA:22,4
DA:23,1
DA:24,1
DA:26,1
DA:27,2
DA:28,5
DA:29,1
DA:32,1
DA:33,2
DA:34,1
DA:38,3
DA:40,1
DA:41,2
DA:42,1
DA:45,5
DA:48,0
DA:50,1
DA:51,2
DA:52,1
DA:55,3
DA:57,1
DA:58,2
DA:59,1
DA:62,3
DA:64,1
DA:65,2
DA:66,1
DA:69,3
DA:71,1
DA:72,2
DA:73,1
DA:76,3
DA:78,1
DA:79,2
DA:80,1
DA:83,3
DA:85,1
DA:86,2
DA:87,1
DA:90,1
DA:91,3
DA:92,5
DA:95,1
DA:96,5
DA:97,2
DA:98,1
DA:102,1
DA:104,7
DA:108,2
DA:109,1
DA:112,1
DA:113,7
DA:116,2
DA:119,3
DA:121,1
DA:122,2
DA:123,1
DA:126,3
DA:128,1
DA:129,2
DA:130,1
DA:133,1
DA:134,1
DA:135,7
DA:136,0
DA:140,1
DA:141,6
DA:142,2
DA:143,1
DA:146,3
DA:148,1
DA:149,2
DA:150,1
DA:153,0
DA:154,0
DA:155,0
DA:158,1
DA:159,4
DA:160,1
DA:161,2
DA:163,1
DA:166,1
DA:167,2
DA:168,2
DA:169,2
DA:173,1
DA:174,4
DA:175,4
DA:176,1
DA:179,1
DA:180,2
DA:181,2
DA:182,2
DA:183,2
DA:184,2
DA:185,3
DA:186,2
DA:187,2
DA:188,2
DA:189,1
LF:106
LH:101
end_of_record
SF:lib\models\firestore\defaultSettings.dart
DA:32,5
DA:45,1
DA:46,1
DA:47,1
DA:48,1
DA:49,1
DA:50,1
DA:51,1
DA:52,1
DA:53,1
DA:54,2
DA:55,5
DA:56,5
DA:57,1
DA:60,3
DA:62,3
DA:63,3
DA:64,3
DA:65,3
DA:66,3
DA:67,3
DA:68,3
DA:69,6
DA:70,11
DA:71,3
DA:72,11
DA:76,0
DA:77,0
DA:79,0
DA:80,0
DA:82,3
DA:83,3
DA:84,15
DA:90,3
DA:91,3
DA:92,3
DA:93,0
DA:94,6
DA:95,3
DA:96,3
DA:97,6
DA:98,3
DA:99,3
DA:100,3
DA:101,3
DA:102,3
DA:103,3
DA:104,0
DA:105,3
DA:106,5
DA:107,3
DA:109,3
DA:110,0
DA:111,3
DA:112,5
DA:113,3
DA:114,3
DA:117,2
DA:122,2
DA:123,2
DA:125,4
DA:127,2
DA:128,4
DA:129,4
DA:130,6
DA:131,2
DA:134,1
DA:139,1
DA:140,2
DA:142,2
DA:144,1
DA:146,1
DA:147,1
DA:148,1
DA:151,0
DA:154,0
DA:155,0
DA:156,0
DA:157,0
DA:158,0
DA:159,0
DA:160,0
DA:163,1
DA:165,1
DA:166,1
DA:167,1
DA:168,1
DA:169,1
DA:170,1
DA:171,1
DA:172,1
DA:173,1
DA:177,1
DA:179,2
DA:180,1
DA:181,3
DA:182,3
DA:183,3
DA:184,3
DA:185,3
DA:186,3
DA:187,3
DA:188,2
DA:193,2
DA:195,2
DA:196,2
DA:197,2
DA:198,0
DA:199,0
DA:200,0
DA:202,2
DA:203,4
DA:208,2
DA:209,2
DA:210,2
DA:211,4
DA:213,2
DA:217,1
DA:218,2
DA:219,2
DA:222,2
DA:223,6
DA:224,2
DA:225,4
DA:226,1
DA:227,2
DA:228,2
DA:231,8
DA:232,8
DA:234,4
DA:236,2
DA:237,2
DA:239,2
DA:240,1
DA:241,1
DA:242,2
DA:245,2
DA:246,2
DA:248,2
DA:249,1
DA:250,1
DA:251,2
DA:254,2
DA:255,2
DA:256,6
DA:258,2
DA:262,1
DA:263,1
DA:264,4
DA:265,2
DA:268,2
DA:269,2
DA:270,6
DA:272,2
DA:276,1
DA:277,1
DA:278,4
DA:279,2
DA:282,2
DA:283,2
DA:285,2
DA:286,0
DA:287,0
DA:288,0
DA:294,1
DA:296,1
DA:299,0
DA:302,0
LF:168
LH:145
end_of_record
SF:lib\models\firestore\species.dart
DA:12,32
DA:30,19
DA:31,19
DA:37,7
DA:38,7
DA:45,2
DA:46,2
DA:47,2
DA:48,2
DA:49,2
DA:50,2
DA:51,2
DA:52,2
DA:53,2
DA:57,3
DA:59,12
DA:62,17
DA:64,42
DA:67,14
DA:68,42
DA:69,39
DA:70,39
DA:73,2
DA:74,4
DA:77,4
DA:80,4
DA:83,4
DA:86,4
DA:89,4
DA:92,2
DA:95,2
DA:98,2
DA:101,2
DA:104,2
DA:107,2
DA:110,2
DA:113,2
DA:119,0
DA:120,0
DA:125,0
DA:126,0
DA:128,1
DA:133,1
DA:134,0
DA:136,2
DA:139,1
DA:140,1
DA:141,1
DA:143,1
DA:144,1
DA:145,1
DA:148,1
DA:149,4
DA:151,2
DA:152,2
DA:153,2
DA:154,2
DA:155,2
DA:156,2
DA:157,2
DA:158,2
DA:159,2
DA:160,2
DA:164,1
DA:169,2
DA:170,1
DA:172,1
DA:173,1
DA:174,1
DA:175,2
DA:176,3
DA:177,1
DA:180,1
DA:181,1
DA:182,1
DA:183,2
DA:184,2
DA:185,3
DA:186,1
DA:189,1
DA:191,1
DA:192,1
DA:193,1
DA:194,1
DA:195,1
DA:196,1
DA:197,1
DA:198,1
DA:202,1
DA:204,2
DA:205,1
DA:206,2
DA:207,2
DA:208,2
DA:209,2
DA:210,2
DA:211,2
DA:212,2
DA:217,5
DA:218,5
DA:219,5
DA:220,5
DA:221,5
DA:222,5
DA:223,5
DA:224,5
DA:228,7
DA:230,7
DA:231,7
DA:232,7
DA:233,7
DA:234,7
DA:235,7
DA:236,7
DA:240,1
DA:242,1
DA:245,2
DA:246,2
DA:247,2
DA:249,2
DA:250,2
DA:251,2
DA:253,2
DA:254,2
DA:255,2
DA:257,2
DA:258,2
DA:259,2
DA:261,2
DA:262,0
DA:266,1
DA:269,1
DA:270,1
DA:271,1
DA:272,4
DA:273,2
DA:275,1
DA:276,1
DA:277,1
DA:278,1
DA:280,1
DA:281,1
DA:288,0
DA:291,0
DA:292,0
DA:293,0
DA:294,0
DA:295,0
DA:296,0
DA:297,0
DA:298,0
DA:305,30
DA:307,26
DA:308,26
DA:309,52
DA:310,78
DA:314,3
DA:315,3
DA:316,3
DA:319,1
DA:320,1
DA:321,2
DA:322,3
DA:327,1
DA:329,0
DA:331,2
DA:332,1
DA:333,5
DA:334,2
DA:337,16
DA:339,3
DA:341,30
DA:342,14
DA:343,56
DA:344,14
LF:175
LH:159
end_of_record
SF:lib\models\markerColorGroup.dart
DA:18,1
DA:19,1
DA:20,1
DA:21,1
DA:22,1
DA:23,1
DA:24,1
DA:25,1
DA:28,2
DA:29,6
DA:32,2
DA:33,6
DA:39,5
DA:47,5
DA:48,5
DA:56,3
DA:57,6
DA:58,3
DA:59,3
DA:60,3
DA:61,3
DA:62,3
DA:64,6
DA:65,3
DA:66,3
DA:67,3
DA:68,3
DA:69,3
DA:70,3
DA:73,1
DA:75,2
DA:76,4
DA:77,1
DA:78,2
DA:79,1
DA:80,1
DA:81,1
DA:82,1
DA:83,0
DA:84,0
DA:85,0
DA:88,1
DA:89,1
DA:90,0
DA:91,0
DA:92,0
DA:94,1
DA:95,1
DA:100,1
DA:101,1
DA:102,1
DA:103,1
DA:105,3
DA:106,3
DA:107,2
DA:108,2
DA:109,1
DA:110,1
DA:111,2
DA:113,1
DA:117,0
DA:118,0
DA:119,0
DA:122,1
DA:123,1
DA:124,1
DA:125,1
DA:127,1
DA:128,1
DA:131,1
DA:132,1
DA:133,1
DA:136,1
DA:137,2
DA:141,1
DA:142,1
DA:144,1
DA:145,2
DA:146,2
DA:154,1
DA:155,1
DA:156,1
DA:157,1
DA:158,2
DA:164,1
DA:166,1
DA:167,7
DA:168,2
DA:169,3
DA:170,1
DA:171,3
DA:173,1
DA:174,2
DA:176,1
DA:177,1
DA:179,1
DA:182,1
DA:183,1
DA:187,1
DA:188,1
DA:189,0
DA:190,0
DA:191,0
DA:193,1
DA:195,1
DA:196,1
DA:197,1
DA:198,1
DA:199,1
DA:201,1
DA:206,1
DA:207,1
DA:208,1
DA:209,2
LF:114
LH:102
end_of_record
SF:lib\models\measure.dart
DA:15,21
DA:24,63
DA:27,11
DA:28,11
DA:29,11
DA:30,11
DA:31,11
DA:32,11
DA:33,11
DA:34,11
DA:35,11
DA:36,11
DA:39,34
DA:40,34
DA:41,34
DA:42,34
DA:43,34
DA:44,34
DA:45,102
DA:48,3
DA:55,3
DA:60,3
DA:66,0
DA:73,0
DA:78,0
DA:84,5
DA:85,5
DA:86,5
DA:88,5
DA:89,5
DA:90,5
DA:91,5
DA:92,5
DA:93,5
DA:96,16
DA:97,16
DA:98,16
DA:99,16
DA:100,16
DA:101,16
DA:102,16
DA:103,32
DA:104,16
DA:105,16
DA:109,4
DA:110,4
DA:111,4
DA:112,4
DA:113,4
DA:114,4
DA:115,4
DA:116,4
DA:120,5
DA:121,7
DA:122,5
DA:123,16
DA:124,10
DA:127,5
DA:128,5
DA:129,25
DA:130,15
DA:134,1
DA:135,2
DA:138,9
DA:139,15
DA:144,5
DA:145,5
DA:146,10
DA:149,2
DA:150,4
DA:151,4
DA:152,2
DA:153,2
DA:154,2
DA:155,2
DA:156,2
DA:158,2
DA:159,2
DA:161,2
DA:166,2
DA:168,0
DA:169,0
DA:171,2
DA:176,2
DA:177,2
DA:178,2
DA:179,1
DA:180,2
DA:181,1
DA:184,2
DA:185,4
DA:186,2
DA:188,4
DA:190,2
DA:192,2
DA:194,2
DA:195,2
DA:196,4
DA:197,2
DA:201,2
DA:203,2
DA:204,2
DA:205,4
DA:206,2
DA:210,2
DA:212,2
DA:213,2
DA:214,4
DA:215,2
DA:224,11
DA:226,22
DA:229,25
DA:233,7
DA:234,7
DA:235,7
DA:236,7
DA:237,7
DA:238,7
DA:239,3
DA:240,3
DA:243,7
DA:244,14
DA:245,44
DA:246,7
DA:247,7
DA:248,9
DA:249,7
DA:250,7
DA:251,7
DA:255,7
DA:256,7
DA:257,7
DA:258,9
DA:270,3
DA:271,3
DA:272,9
DA:274,12
DA:275,6
DA:276,6
DA:277,3
DA:278,6
DA:279,6
DA:281,3
DA:282,4
DA:284,2
DA:285,2
DA:287,2
DA:288,2
DA:289,2
DA:290,2
DA:293,2
DA:294,2
DA:295,0
DA:296,0
DA:297,0
DA:299,2
DA:301,2
DA:302,2
DA:303,2
DA:304,2
DA:305,2
DA:307,2
DA:313,3
DA:314,3
DA:315,3
DA:316,3
DA:323,6
DA:325,18
DA:326,6
DA:327,9
DA:330,0
DA:331,0
DA:332,0
DA:333,0
DA:334,0
DA:335,0
DA:336,0
DA:337,0
DA:339,0
DA:340,0
DA:341,0
DA:342,0
DA:343,0
DA:344,0
DA:345,0
DA:346,0
DA:350,0
DA:351,0
DA:352,0
DA:354,0
DA:363,11
DA:365,47
DA:366,77
DA:367,15
DA:368,22
DA:369,0
DA:371,22
DA:375,2
DA:379,11
DA:380,11
DA:381,11
DA:382,11
DA:383,11
DA:384,11
DA:385,11
DA:386,11
DA:389,3
DA:390,3
DA:392,11
DA:394,11
DA:395,11
DA:397,11
DA:398,11
DA:399,11
DA:400,11
DA:401,11
DA:402,11
DA:403,11
DA:404,11
DA:413,11
DA:414,11
DA:415,11
DA:416,11
DA:418,3
DA:419,3
DA:420,3
DA:426,13
DA:427,13
DA:428,13
DA:429,13
DA:430,13
DA:431,13
DA:432,13
DA:433,39
DA:434,13
DA:435,13
DA:439,4
DA:440,4
DA:441,4
DA:443,4
DA:444,4
DA:445,4
DA:446,4
DA:447,4
DA:448,4
LF:245
LH:216
end_of_record
SF:lib\design\modifingButtons.dart
DA:21,14
DA:34,14
DA:35,14
DA:45,14
DA:47,14
DA:48,42
DA:49,42
DA:53,7
DA:55,28
DA:56,14
DA:57,7
DA:58,0
DA:62,28
DA:63,14
DA:64,0
DA:71,14
DA:72,7
DA:74,28
DA:75,35
DA:76,14
DA:78,14
DA:79,14
DA:80,2
DA:81,1
DA:83,1
DA:84,1
DA:86,2
DA:87,1
DA:92,7
DA:93,14
DA:94,12
DA:96,8
DA:101,0
DA:102,0
DA:105,4
DA:107,16
DA:108,16
DA:110,4
DA:112,4
DA:113,8
DA:114,4
DA:115,4
DA:118,4
DA:119,4
DA:120,2
DA:123,4
DA:124,4
DA:125,4
DA:126,8
DA:127,4
DA:129,20
DA:130,16
DA:131,8
DA:132,0
DA:133,0
DA:135,0
DA:136,0
DA:137,0
DA:140,8
DA:141,4
DA:143,8
DA:144,3
DA:146,3
DA:157,1
DA:162,1
DA:164,1
DA:165,1
DA:167,2
DA:169,1
DA:170,1
DA:171,2
DA:172,2
DA:173,5
DA:175,1
DA:176,1
DA:177,1
DA:178,1
DA:180,0
DA:181,0
DA:185,1
DA:186,1
DA:187,1
DA:189,0
DA:190,0
DA:191,0
DA:194,2
DA:201,14
DA:206,14
DA:207,14
DA:208,14
DA:209,14
DA:210,14
DA:211,14
DA:212,14
DA:215,14
DA:216,14
DA:217,14
DA:218,14
DA:220,14
DA:221,14
DA:222,28
DA:224,8
DA:225,14
DA:229,14
DA:230,14
DA:231,14
DA:232,7
DA:233,7
DA:234,14
DA:239,14
DA:244,14
DA:245,0
DA:250,14
DA:252,56
DA:253,98
DA:254,28
DA:255,28
DA:256,28
LF:118
LH:103
end_of_record
SF:lib\models\eggStatus.dart
DA:6,15
DA:8,15
DA:10,15
DA:13,4
DA:14,8
DA:15,2
DA:16,2
DA:17,2
DA:18,2
DA:19,2
DA:20,2
DA:23,5
DA:24,14
DA:26,4
DA:27,4
DA:28,4
DA:29,4
DA:31,2
LF:18
LH:18
end_of_record
SF:lib\models\firestore\egg.dart
DA:26,15
DA:34,15
DA:35,15
DA:38,4
DA:42,8
DA:43,1
DA:46,4
DA:49,0
DA:52,0
DA:53,0
DA:54,0
DA:55,0
DA:56,0
DA:57,0
DA:58,0
DA:59,0
DA:62,1
DA:63,2
DA:65,0
DA:66,1
DA:67,1
DA:69,12
DA:71,1
DA:72,1
DA:73,1
DA:74,1
DA:75,1
DA:76,1
DA:77,1
DA:78,1
DA:79,1
DA:80,5
DA:84,8
DA:85,8
DA:86,8
DA:87,8
DA:88,8
DA:89,16
DA:90,8
DA:91,8
DA:92,16
DA:93,16
DA:94,8
DA:95,8
DA:97,8
DA:101,5
DA:103,5
DA:105,1
DA:107,10
DA:109,25
DA:111,30
DA:112,5
DA:113,0
DA:114,0
DA:116,45
DA:119,0
DA:122,2
DA:124,2
DA:126,1
DA:128,6
DA:129,1
DA:130,7
DA:132,0
DA:137,2
DA:139,2
DA:140,2
DA:141,2
DA:142,2
DA:143,2
DA:144,2
DA:145,2
DA:146,2
DA:147,2
DA:148,2
DA:150,2
DA:151,18
DA:153,4
DA:156,2
DA:158,2
DA:159,4
DA:160,4
DA:161,4
DA:162,14
DA:163,4
DA:164,5
DA:165,4
DA:166,6
DA:167,6
DA:169,2
DA:173,7
DA:174,19
DA:177,9
DA:178,25
DA:181,6
DA:182,6
DA:183,12
DA:184,12
DA:185,6
DA:186,9
DA:188,24
DA:189,17
DA:190,16
DA:196,0
DA:197,0
DA:199,0
DA:205,5
DA:206,5
DA:207,15
DA:208,10
DA:209,2
DA:210,2
DA:212,3
DA:213,3
DA:214,1
DA:216,1
DA:218,2
DA:222,3
DA:227,6
DA:228,12
DA:232,9
DA:233,17
DA:234,16
DA:235,8
DA:240,5
DA:241,20
DA:242,5
DA:244,5
DA:245,5
DA:246,5
DA:247,10
DA:248,5
DA:254,13
DA:256,13
DA:257,13
DA:258,13
DA:259,13
DA:260,14
DA:261,26
DA:262,21
DA:263,61
DA:267,0
DA:270,0
DA:271,0
DA:272,0
DA:273,0
DA:274,0
LF:146
LH:123
end_of_record
SF:lib\models\firestore\firestoreItem.dart
DA:21,0
DA:22,0
LF:2
LH:0
end_of_record
SF:lib\models\updateResult.dart
DA:10,0
DA:12,17
DA:17,0
DA:22,6
DA:27,21
LF:5
LH:3
end_of_record
SF:lib\screens\bird\editBird.dart
DA:18,12
DA:20,6
DA:21,6
DA:85,6
DA:87,12
DA:88,12
DA:89,12
DA:90,12
DA:91,6
DA:94,6
DA:96,6
DA:97,42
DA:98,24
DA:99,14
DA:100,4
DA:101,10
DA:102,16
DA:103,4
DA:106,18
DA:107,6
DA:108,24
DA:109,18
DA:112,5
DA:114,2
DA:116,12
DA:117,12
DA:121,6
DA:122,18
DA:123,18
DA:126,5
DA:127,5
DA:128,2
DA:130,5
DA:131,6
DA:133,5
DA:135,4
DA:136,2
DA:137,2
DA:138,2
DA:141,2
DA:142,2
DA:144,25
DA:145,15
DA:146,25
DA:147,25
DA:148,20
DA:149,20
DA:152,4
DA:153,8
DA:154,12
DA:155,4
DA:157,1
DA:158,2
DA:159,0
DA:162,1
DA:164,5
DA:165,2
DA:169,4
DA:171,28
DA:174,4
DA:175,4
DA:176,28
DA:177,16
DA:178,12
DA:179,20
DA:182,1
DA:183,4
DA:184,2
DA:186,1
DA:188,1
DA:189,2
DA:190,1
DA:193,2
DA:194,2
DA:195,3
DA:196,1
DA:197,2
DA:201,1
DA:202,4
DA:203,5
DA:204,4
DA:207,4
DA:209,16
DA:212,2
DA:213,4
DA:214,4
DA:215,4
DA:216,2
DA:218,4
DA:220,4
DA:221,4
DA:222,6
DA:223,2
DA:224,4
DA:228,2
DA:229,4
DA:230,4
DA:231,2
DA:234,4
DA:235,4
DA:236,6
DA:237,2
DA:238,4
DA:242,2
DA:243,6
DA:244,4
DA:245,0
DA:247,6
DA:250,6
DA:251,12
DA:253,18
DA:256,8
DA:257,4
DA:258,12
DA:259,12
DA:262,0
DA:263,0
DA:266,6
DA:267,6
DA:268,6
DA:269,6
DA:270,6
DA:271,6
DA:273,6
DA:274,2
DA:276,2
DA:277,10
DA:279,16
DA:281,0
DA:282,0
DA:283,0
DA:284,0
DA:286,0
DA:289,6
DA:291,6
DA:294,6
DA:295,6
DA:296,6
DA:297,6
DA:298,6
DA:299,6
DA:307,6
DA:308,6
DA:309,6
DA:310,6
DA:312,6
DA:313,2
DA:314,16
DA:316,0
DA:317,0
DA:318,0
DA:319,0
DA:320,0
DA:324,6
DA:326,6
DA:329,6
DA:330,6
DA:331,6
DA:332,6
DA:333,6
DA:334,6
DA:343,7
DA:345,1
DA:346,6
DA:347,12
DA:348,1
DA:349,2
DA:350,2
DA:354,6
DA:357,12
DA:358,4
DA:359,6
DA:366,6
DA:367,12
DA:369,8
DA:371,6
DA:375,2
DA:376,4
DA:377,6
DA:378,6
DA:382,3
DA:383,18
DA:384,8
DA:385,6
DA:387,6
DA:391,1
DA:392,2
DA:394,0
DA:397,2
DA:401,5
DA:402,10
DA:403,10
DA:404,11
DA:405,5
DA:407,5
DA:408,5
DA:409,5
DA:410,10
DA:411,5
DA:417,6
DA:418,24
DA:419,30
DA:420,18
DA:421,6
DA:424,1
DA:425,1
DA:426,1
DA:427,1
DA:428,1
DA:429,1
DA:430,1
DA:433,1
DA:434,4
DA:435,1
DA:437,1
DA:438,1
DA:439,1
DA:441,1
DA:442,1
DA:443,1
DA:446,1
DA:447,1
DA:448,1
DA:449,1
DA:451,1
DA:453,0
DA:454,0
DA:456,1
DA:458,1
DA:459,1
DA:461,1
DA:463,1
DA:464,1
DA:466,1
DA:467,2
DA:468,1
DA:470,7
DA:471,1
DA:472,4
DA:473,1
DA:474,3
DA:475,2
DA:476,2
DA:477,1
DA:478,6
DA:479,2
DA:480,1
DA:482,1
DA:483,1
DA:485,1
DA:486,2
DA:487,1
DA:489,3
DA:490,3
DA:492,1
DA:497,1
DA:498,0
DA:499,1
DA:507,6
DA:510,6
DA:511,4
DA:512,4
DA:513,4
DA:514,6
DA:515,4
DA:518,0
DA:519,0
DA:521,2
DA:523,6
DA:528,1
DA:529,1
DA:530,1
DA:531,3
DA:532,3
DA:533,8
DA:537,6
DA:538,20
DA:539,18
DA:540,0
DA:544,6
DA:546,6
DA:547,0
DA:548,6
DA:550,6
DA:552,6
DA:553,6
DA:554,6
DA:555,12
DA:556,6
DA:557,1
DA:558,1
DA:560,12
DA:561,6
DA:562,6
DA:563,30
DA:564,6
DA:567,6
DA:568,12
DA:569,13
DA:570,2
DA:571,1
DA:572,3
DA:573,4
DA:574,2
DA:576,18
DA:577,6
DA:578,22
DA:579,28
DA:580,6
DA:581,42
DA:582,12
DA:583,12
DA:584,6
DA:585,12
DA:587,23
DA:588,12
DA:589,30
DA:590,20
DA:591,6
DA:592,6
LF:320
LH:298
end_of_record
SF:lib\design\speciesRawAutocomplete.dart
DA:14,16
DA:25,16
DA:26,16
DA:33,16
DA:35,16
DA:36,80
DA:39,13
DA:41,13
DA:42,52
DA:43,40
DA:47,12
DA:49,16
DA:51,16
DA:52,16
DA:53,16
DA:54,16
DA:55,6
DA:56,18
DA:58,6
DA:59,6
DA:60,6
DA:62,6
DA:63,6
DA:64,6
DA:65,6
DA:66,12
DA:69,12
DA:70,6
DA:72,12
DA:73,5
DA:74,5
DA:78,0
DA:81,6
DA:84,16
DA:88,16
DA:89,16
DA:90,16
DA:93,16
DA:94,32
DA:95,48
DA:97,32
DA:98,16
DA:99,16
DA:100,16
DA:101,16
DA:102,16
DA:103,16
DA:104,32
DA:110,1
DA:111,1
DA:113,3
DA:115,2
DA:116,0
DA:118,0
DA:119,0
DA:121,0
DA:122,0
DA:123,0
DA:124,0
DA:125,0
DA:126,0
DA:127,0
DA:130,0
DA:131,0
DA:132,0
DA:133,0
DA:137,0
DA:145,3
DA:146,2
DA:151,11
DA:152,22
DA:155,55
DA:157,22
DA:158,11
DA:159,11
DA:160,33
LF:76
LH:60
end_of_record
SF:lib\models\firestore\bird.dart
DA:33,4
DA:34,10
DA:36,0
DA:39,1
DA:40,4
DA:42,1
DA:43,1
DA:45,9
DA:46,9
DA:47,9
DA:48,9
DA:49,9
DA:50,9
DA:51,9
DA:52,9
DA:53,9
DA:54,9
DA:55,9
DA:56,9
DA:57,9
DA:58,9
DA:60,32
DA:61,45
DA:65,15
DA:80,15
DA:81,30
DA:85,3
DA:86,3
DA:89,1
DA:90,1
DA:93,1
DA:94,4
DA:95,6
DA:98,0
DA:99,0
DA:101,0
DA:103,0
DA:109,2
DA:110,12
DA:112,2
DA:113,12
DA:115,2
DA:117,2
DA:118,8
DA:119,4
DA:120,2
DA:121,2
DA:122,2
DA:123,2
DA:124,1
DA:125,1
DA:126,1
DA:129,1
DA:130,2
DA:131,1
DA:133,1
DA:134,1
DA:135,1
DA:136,3
DA:137,3
DA:138,5
DA:139,3
DA:140,3
DA:141,3
DA:142,3
DA:143,6
DA:144,3
DA:145,5
DA:146,7
DA:149,1
DA:150,1
DA:151,0
DA:152,0
DA:154,1
DA:162,0
DA:165,0
DA:166,0
DA:167,0
DA:168,0
DA:169,0
DA:170,0
DA:174,0
DA:175,0
DA:176,0
DA:178,0
DA:182,1
DA:183,1
DA:186,1
DA:187,2
DA:193,9
DA:194,9
DA:195,1
DA:197,9
DA:198,9
DA:199,9
DA:200,9
DA:201,18
DA:202,9
DA:203,9
DA:204,9
DA:205,9
DA:206,9
DA:207,9
DA:208,9
DA:210,18
DA:211,9
DA:212,18
DA:214,9
DA:215,9
DA:217,9
DA:220,18
DA:222,18
DA:226,1
DA:227,1
DA:228,1
DA:230,1
DA:232,1
DA:234,1
DA:235,2
DA:236,1
DA:238,1
DA:239,1
DA:240,1
DA:243,13
DA:244,13
DA:245,13
DA:246,13
DA:247,13
DA:248,13
DA:249,13
DA:250,13
DA:251,13
DA:252,13
DA:253,27
DA:254,13
DA:255,13
DA:256,13
DA:257,59
DA:261,3
DA:262,3
DA:263,3
DA:264,3
DA:265,3
DA:269,2
DA:272,6
DA:273,3
DA:274,3
DA:275,2
DA:277,1
DA:278,1
DA:281,1
DA:285,1
DA:289,7
DA:291,35
DA:293,14
DA:295,7
DA:297,4
DA:299,0
DA:301,0
DA:302,0
DA:303,0
DA:304,0
DA:309,4
DA:313,6
DA:314,2
DA:317,14
DA:318,70
DA:319,7
DA:323,7
DA:324,56
DA:327,2
DA:329,4
DA:330,0
DA:331,2
DA:332,2
DA:335,6
DA:336,2
DA:340,2
DA:344,10
DA:345,2
DA:348,2
DA:351,3
DA:354,2
DA:355,10
DA:356,9
DA:358,8
DA:361,2
DA:362,4
DA:365,0
DA:366,0
DA:370,24
DA:373,0
DA:377,2
DA:379,2
DA:380,5
DA:381,1
DA:383,2
DA:384,2
DA:385,6
DA:386,4
DA:387,2
DA:388,4
DA:389,2
DA:390,2
DA:391,2
DA:392,2
DA:393,8
DA:394,2
DA:396,2
DA:400,12
DA:403,2
DA:404,2
DA:406,2
DA:410,15
DA:411,150
DA:414,7
DA:415,42
DA:418,5
DA:419,5
DA:420,20
DA:425,7
DA:430,16
DA:431,1
DA:435,35
DA:436,1
DA:438,10
DA:440,14
DA:442,2
DA:444,0
DA:446,1
DA:450,7
DA:454,13
DA:455,0
DA:458,5
DA:460,25
DA:461,5
DA:462,5
DA:464,2
DA:469,2
DA:472,7
DA:474,7
DA:475,15
DA:476,1
DA:477,1
DA:478,2
DA:479,1
DA:480,1
DA:486,7
DA:490,1
DA:497,1
DA:500,1
DA:502,5
DA:503,1
DA:504,0
DA:506,1
DA:508,1
DA:513,2
DA:514,1
DA:515,3
DA:516,1
DA:519,1
DA:520,1
DA:521,1
DA:525,2
DA:529,2
DA:531,2
DA:532,2
DA:533,2
DA:534,2
DA:535,2
DA:536,2
DA:537,2
DA:538,2
DA:539,2
DA:540,2
DA:541,2
DA:542,2
DA:543,2
DA:547,2
DA:549,10
DA:550,2
DA:551,4
DA:552,2
DA:554,4
DA:557,2
DA:559,2
DA:560,4
DA:561,4
DA:562,4
DA:563,4
DA:564,4
DA:565,4
DA:566,4
DA:567,4
DA:568,14
DA:569,4
DA:570,5
DA:571,4
DA:575,2
DA:579,2
DA:580,2
DA:581,4
DA:582,2
DA:583,2
DA:584,2
DA:585,0
DA:586,0
DA:587,2
DA:588,2
LF:309
LH:277
end_of_record
SF:lib\models\firestore\experiment.dart
DA:32,2
DA:33,2
DA:34,2
DA:35,2
DA:36,2
DA:37,2
DA:38,2
DA:39,6
DA:40,6
DA:41,2
DA:42,10
DA:43,2
DA:44,2
DA:45,2
DA:48,13
DA:62,1
DA:63,1
DA:65,6
DA:66,6
DA:67,12
DA:68,12
DA:69,12
DA:70,12
DA:71,12
DA:72,12
DA:73,10
DA:74,6
DA:75,0
DA:76,23
DA:77,24
DA:78,12
DA:79,24
DA:80,18
DA:81,18
DA:82,18
DA:83,18
DA:86,4
DA:87,4
DA:88,4
DA:89,4
DA:90,12
DA:91,16
DA:95,10
DA:97,10
DA:98,10
DA:99,10
DA:100,10
DA:101,10
DA:102,10
DA:103,10
DA:104,30
DA:105,10
DA:106,36
DA:107,10
DA:111,5
DA:112,5
DA:113,8
DA:120,5
DA:121,5
DA:122,4
DA:129,3
DA:130,3
DA:131,3
DA:132,2
DA:133,3
DA:134,1
DA:135,1
DA:136,1
DA:138,1
DA:139,1
DA:140,2
DA:141,1
DA:142,1
DA:143,1
DA:144,1
DA:145,1
DA:148,1
DA:149,2
DA:150,2
DA:155,1
DA:156,0
DA:158,3
DA:159,0
DA:160,0
DA:161,0
DA:162,0
DA:163,0
DA:165,0
DA:166,0
DA:167,0
DA:168,0
DA:169,0
DA:170,0
DA:171,0
DA:172,0
DA:175,0
DA:176,0
DA:177,0
DA:182,0
DA:183,0
DA:185,3
DA:190,0
DA:193,0
DA:194,0
DA:195,0
DA:196,0
DA:197,0
DA:198,0
DA:201,1
DA:202,0
DA:203,0
DA:204,0
DA:208,1
DA:210,1
DA:213,0
DA:214,0
DA:215,0
DA:216,0
DA:221,3
DA:222,7
DA:223,1
DA:227,1
DA:228,4
DA:230,1
DA:232,1
DA:233,1
DA:234,1
DA:235,1
DA:236,1
DA:237,3
DA:238,2
DA:239,1
DA:240,0
DA:241,0
DA:243,1
DA:245,1
DA:246,1
DA:247,1
DA:248,1
DA:250,1
DA:251,0
DA:252,0
DA:254,1
DA:255,1
DA:256,1
DA:258,1
DA:260,1
DA:261,1
DA:271,0
DA:272,0
DA:275,3
DA:278,9
DA:281,5
DA:282,8
DA:283,2
DA:284,2
DA:285,4
DA:286,4
DA:287,6
DA:288,2
DA:290,2
DA:291,4
DA:293,6
DA:295,10
DA:301,3
DA:304,3
DA:307,9
DA:310,3
DA:311,0
DA:312,0
DA:313,0
DA:314,0
DA:315,0
DA:316,0
DA:317,0
DA:319,0
DA:320,0
DA:322,0
DA:324,0
DA:330,3
DA:333,1
DA:339,1
DA:340,2
DA:341,2
DA:345,0
DA:346,0
DA:347,0
DA:348,0
DA:351,1
DA:352,1
DA:353,1
DA:355,1
DA:356,1
DA:360,3
DA:366,3
DA:368,6
DA:370,3
DA:371,8
DA:373,3
DA:374,4
DA:378,12
DA:380,9
DA:382,3
DA:383,2
DA:384,3
DA:388,6
DA:389,9
DA:390,12
DA:391,9
DA:392,6
DA:393,6
DA:394,6
DA:395,12
DA:396,9
DA:397,3
DA:398,0
DA:401,2
DA:403,2
DA:404,2
DA:405,2
DA:406,2
DA:407,2
DA:408,2
DA:409,2
DA:410,2
DA:413,2
DA:414,2
DA:416,2
DA:417,2
DA:422,2
DA:424,2
DA:425,2
DA:426,4
DA:427,4
DA:428,4
DA:429,4
DA:430,4
DA:431,2
DA:432,2
DA:433,1
DA:434,2
DA:435,3
DA:436,3
DA:437,3
DA:440,2
DA:441,3
DA:442,1
DA:443,2
DA:444,1
DA:447,2
DA:448,3
DA:449,1
DA:450,2
DA:451,1
DA:455,4
DA:456,2
DA:462,4
DA:463,4
DA:464,4
DA:465,4
DA:466,4
DA:467,8
DA:468,4
DA:469,0
DA:470,12
DA:474,10
DA:475,10
DA:476,10
DA:478,3
DA:479,3
DA:480,3
DA:482,3
DA:483,3
DA:484,12
DA:485,0
DA:486,6
DA:487,3
DA:488,6
LF:278
LH:220
end_of_record
SF:lib\models\firestore\nest.dart
DA:30,28
DA:32,1
DA:35,2
DA:36,2
DA:38,1
DA:39,1
DA:40,1
DA:41,1
DA:42,1
DA:43,1
DA:44,1
DA:45,1
DA:46,1
DA:47,1
DA:48,1
DA:49,1
DA:50,1
DA:51,1
DA:52,5
DA:55,18
DA:69,18
DA:70,18
DA:73,2
DA:74,2
DA:77,1
DA:78,4
DA:79,6
DA:85,2
DA:86,2
DA:89,1
DA:90,2
DA:95,2
DA:98,10
DA:99,2
DA:100,2
DA:101,2
DA:104,2
DA:105,1
DA:108,4
DA:110,4
DA:111,10
DA:114,3
DA:115,3
DA:116,3
DA:120,3
DA:123,7
DA:124,4
DA:125,2
DA:126,4
DA:127,2
DA:128,2
DA:129,3
DA:130,1
DA:135,9
DA:137,2
DA:143,6
DA:146,6
DA:148,18
DA:149,4
DA:150,4
DA:152,12
DA:157,3
DA:158,15
DA:159,12
DA:162,0
DA:165,0
DA:166,0
DA:167,0
DA:168,0
DA:169,0
DA:170,0
DA:174,9
DA:175,9
DA:176,9
DA:177,9
DA:178,9
DA:181,18
DA:183,18
DA:184,9
DA:185,9
DA:186,9
DA:187,8
DA:189,9
DA:190,9
DA:191,9
DA:192,9
DA:193,4
DA:194,8
DA:195,4
DA:196,8
DA:197,9
DA:198,9
DA:199,9
DA:201,9
DA:202,0
DA:203,0
DA:206,0
DA:209,0
DA:213,9
DA:217,10
DA:219,20
DA:220,20
DA:221,40
DA:222,30
DA:223,10
DA:226,10
DA:231,20
DA:232,1
DA:235,50
DA:237,20
DA:239,40
DA:240,17
DA:241,10
DA:244,0
DA:247,2
DA:254,3
DA:256,2
DA:257,2
DA:258,2
DA:259,1
DA:263,8
DA:266,0
DA:267,0
DA:268,0
DA:269,0
DA:272,2
DA:273,10
DA:274,2
DA:277,4
DA:281,11
DA:283,22
DA:284,50
DA:285,1
DA:286,11
DA:289,11
DA:292,2
DA:293,2
DA:294,4
DA:295,4
DA:296,6
DA:297,6
DA:298,4
DA:299,2
DA:300,4
DA:301,4
DA:302,4
DA:303,4
DA:304,2
DA:305,4
DA:306,0
DA:307,2
DA:308,2
DA:309,1
DA:310,2
DA:311,9
DA:312,4
DA:313,4
DA:316,2
DA:320,2
DA:321,2
DA:322,2
DA:323,2
DA:324,2
DA:325,2
DA:326,2
DA:327,2
DA:328,2
DA:329,2
DA:330,2
DA:331,2
DA:332,2
DA:333,2
DA:335,2
DA:337,10
DA:338,2
DA:339,4
DA:340,2
DA:342,4
DA:345,16
DA:346,16
DA:347,16
DA:348,16
DA:349,16
DA:350,16
DA:351,16
DA:352,16
DA:353,16
DA:354,16
DA:355,34
DA:356,16
DA:357,34
DA:358,74
DA:362,1
DA:364,1
DA:365,4
DA:366,2
DA:367,1
DA:369,1
DA:370,1
DA:371,1
DA:372,1
DA:373,1
DA:374,2
DA:375,1
DA:378,0
DA:379,0
DA:380,0
DA:381,0
DA:384,1
DA:385,1
DA:386,1
DA:387,1
DA:389,1
DA:392,0
DA:393,0
DA:395,0
DA:400,1
DA:401,1
DA:403,1
DA:404,1
DA:406,1
DA:407,1
DA:408,1
DA:409,3
DA:410,1
DA:411,5
DA:412,3
DA:413,1
DA:414,5
DA:415,3
DA:416,1
DA:417,5
DA:418,3
DA:419,1
DA:420,5
DA:421,3
DA:422,1
DA:423,4
DA:424,1
DA:425,4
DA:426,7
DA:435,0
DA:436,0
DA:439,10
DA:440,30
DA:443,9
DA:444,9
DA:445,18
DA:446,8
DA:447,16
DA:448,0
DA:449,16
DA:455,1
DA:456,1
DA:457,5
DA:460,1
DA:461,1
DA:462,0
DA:464,3
DA:466,4
DA:467,2
DA:468,6
LF:262
LH:234
end_of_record
SF:lib\design\modifingButtons.dart
DA:21,8
DA:34,8
DA:35,8
DA:45,8
DA:47,8
DA:48,24
DA:49,24
DA:53,6
DA:55,24
DA:56,12
DA:57,0
DA:58,18
DA:62,24
DA:63,12
DA:64,9
DA:71,12
DA:72,6
DA:74,24
DA:75,30
DA:76,12
DA:78,12
DA:79,12
DA:80,0
DA:81,0
DA:83,0
DA:84,0
DA:86,0
DA:87,0
DA:92,6
DA:93,12
DA:94,0
DA:96,12
DA:101,0
DA:102,0
DA:105,1
DA:107,4
DA:108,4
DA:110,1
DA:112,1
DA:113,2
DA:114,1
DA:115,1
DA:118,1
DA:119,1
DA:120,0
DA:123,1
DA:124,1
DA:125,1
DA:126,2
DA:127,1
DA:129,5
DA:130,4
DA:131,2
DA:132,0
DA:133,0
DA:135,0
DA:136,0
DA:137,0
DA:140,2
DA:141,1
DA:143,2
DA:144,0
DA:146,1
DA:157,3
DA:162,3
DA:164,5
DA:165,3
DA:167,6
DA:169,3
DA:170,3
DA:171,6
DA:172,6
DA:173,15
DA:175,3
DA:176,3
DA:177,3
DA:178,3
DA:180,0
DA:181,0
DA:185,3
DA:186,3
DA:187,3
DA:189,3
DA:190,3
DA:191,3
DA:194,6
DA:201,8
DA:206,8
DA:207,8
DA:208,8
DA:209,8
DA:210,8
DA:211,8
DA:212,8
DA:215,8
DA:216,8
DA:217,8
DA:218,8
DA:220,8
DA:221,8
DA:222,16
DA:224,2
DA:225,8
DA:229,8
DA:230,8
DA:231,8
DA:232,6
DA:233,6
DA:234,8
DA:239,8
DA:244,8
DA:245,0
DA:250,8
DA:252,32
DA:253,56
DA:254,16
DA:255,16
DA:256,16
LF:118
LH:98
end_of_record
SF:lib\design\experimentDropdown.dart
DA:12,2
DA:18,2
DA:19,2
DA:25,2
DA:27,2
DA:28,6
DA:31,2
DA:33,2
DA:34,2
DA:35,2
DA:36,8
DA:37,2
DA:38,2
DA:39,4
DA:40,2
DA:42,2
DA:43,1
DA:44,2
DA:45,1
DA:47,3
LF:20
LH:20
end_of_record
SF:lib\design\homepageButton.dart
DA:10,18
DA:12,18
DA:14,18
DA:15,36
DA:16,18
DA:17,36
DA:18,18
DA:20,18
DA:21,18
DA:22,18
DA:23,2
DA:24,4
DA:25,0
DA:26,0
DA:28,0
DA:29,0
DA:30,0
DA:31,0
DA:32,0
DA:33,0
DA:34,0
DA:35,0
DA:37,0
DA:45,18
DA:47,18
DA:48,18
DA:49,18
DA:50,36
DA:52,18
DA:54,18
DA:55,18
DA:56,18
DA:59,18
DA:60,18
DA:61,18
LF:35
LH:24
end_of_record
SF:lib\services\authService.dart
DA:6,19
DA:10,0
DA:12,0
DA:20,0
DA:21,0
DA:24,0
DA:27,0
DA:28,0
DA:29,0
DA:32,0
DA:35,0
DA:36,0
DA:37,0
DA:40,0
DA:42,0
DA:45,0
DA:46,0
DA:49,0
DA:50,0
DA:53,0
DA:54,0
DA:57,0
DA:58,0
LF:23
LH:1
end_of_record
SF:lib\design\minMaxInput.dart
DA:10,2
DA:18,2
DA:19,2
DA:23,2
DA:25,2
DA:27,4
DA:28,6
DA:29,2
DA:30,2
DA:31,2
DA:32,8
DA:34,2
DA:36,2
DA:37,4
DA:40,5
DA:41,4
DA:42,2
DA:43,2
DA:44,2
DA:45,8
DA:47,5
DA:48,2
DA:50,2
DA:51,4
DA:54,4
LF:25
LH:25
end_of_record
SF:lib\design\textFormItem.dart
DA:11,4
DA:18,8
DA:20,4
DA:21,4
DA:27,4
DA:29,4
DA:30,16
DA:33,4
DA:35,8
DA:36,4
DA:40,4
DA:42,4
DA:43,16
DA:44,16
DA:48,4
DA:50,4
DA:51,4
DA:52,4
DA:53,4
DA:54,4
DA:55,4
DA:56,12
DA:57,8
DA:60,8
DA:61,4
DA:63,8
DA:64,8
DA:65,4
DA:66,8
DA:67,4
DA:68,8
DA:70,4
DA:71,4
DA:72,4
DA:76,4
DA:77,4
DA:78,4
LF:37
LH:37
end_of_record
SF:lib\models\experimentedItem.dart
DA:15,0
DA:17,24
DA:19,16
DA:20,16
DA:21,16
DA:22,20
DA:23,12
DA:26,16
DA:27,32
DA:28,45
DA:29,39
DA:34,8
DA:36,8
DA:37,8
DA:39,6
DA:40,3
DA:41,3
DA:44,16
DA:45,16
DA:47,8
DA:48,2
DA:50,6
DA:51,2
DA:58,11
DA:71,7
DA:74,8
DA:75,10
DA:76,4
DA:82,2
DA:87,23
DA:88,43
DA:89,10
DA:91,14
DA:92,6
DA:93,4
DA:98,123
DA:99,54
DA:102,46
DA:105,11
DA:108,77
DA:109,22
DA:111,73
DA:112,6
DA:117,5
DA:118,5
DA:122,10
DA:123,10
DA:124,15
DA:125,5
DA:129,3
DA:130,3
DA:131,1
DA:138,10
DA:139,5
DA:140,10
DA:141,3
DA:147,4
DA:148,4
DA:149,4
DA:151,4
DA:152,20
DA:153,32
DA:155,8
DA:156,4
DA:157,24
DA:158,4
DA:161,1
DA:170,29
DA:171,0
LF:69
LH:67
end_of_record
SF:lib\models\firestoreItemMixin.dart
DA:19,6
DA:21,30
DA:23,12
DA:25,12
DA:26,12
DA:27,12
DA:28,12
DA:29,6
DA:30,18
DA:31,6
DA:32,0
DA:35,10
DA:36,4
DA:37,4
DA:38,4
DA:39,2
DA:40,6
DA:41,2
DA:42,0
DA:44,6
DA:47,13
DA:50,26
DA:51,13
DA:52,39
DA:53,26
DA:54,39
DA:55,13
DA:58,1
DA:61,1
DA:62,1
DA:63,1
DA:64,2
DA:65,2
DA:66,1
DA:67,1
DA:68,1
DA:71,1
DA:74,1
DA:76,3
DA:77,2
DA:79,1
DA:81,3
DA:83,2
DA:84,3
DA:86,6
DA:88,4
DA:89,2
DA:90,0
DA:91,1
DA:92,1
DA:94,1
DA:96,2
DA:100,1
DA:103,1
DA:104,2
DA:107,1
DA:109,1
DA:111,1
DA:112,1
DA:113,1
DA:115,1
DA:116,2
DA:117,1
DA:118,7
DA:119,1
DA:121,0
DA:122,0
DA:123,0
DA:124,0
DA:125,0
DA:126,0
DA:127,0
DA:128,0
DA:129,0
DA:130,0
DA:131,0
DA:134,1
DA:135,7
DA:136,1
DA:138,0
DA:139,0
DA:140,0
DA:141,0
DA:142,0
DA:143,0
DA:144,0
DA:145,0
DA:146,0
DA:151,2
DA:153,1
DA:154,1
DA:157,1
DA:158,1
DA:159,1
DA:160,1
DA:161,2
DA:163,5
DA:164,1
DA:165,1
DA:166,1
DA:167,1
DA:172,1
DA:173,0
DA:174,0
DA:182,0
DA:184,0
DA:185,0
DA:186,0
DA:187,0
DA:188,0
DA:189,0
DA:193,0
DA:194,0
DA:196,0
DA:197,0
DA:200,0
DA:201,0
DA:202,0
DA:203,0
DA:208,0
DA:209,0
DA:212,0
DA:216,0
DA:217,0
DA:218,0
DA:221,0
DA:223,0
DA:224,0
DA:225,0
DA:227,0
DA:229,0
DA:231,0
DA:235,0
LF:133
LH:79
end_of_record
SF:lib\screens\homepage.dart
DA:7,36
DA:9,18
DA:10,18
DA:15,18
DA:17,18
DA:18,36
DA:19,18
DA:20,36
DA:21,36
DA:23,18
DA:24,18
DA:25,54
DA:26,18
DA:27,18
DA:28,18
DA:30,1
DA:31,1
DA:36,18
DA:37,18
DA:38,18
DA:39,18
DA:43,18
DA:44,18
DA:46,18
DA:47,36
DA:48,36
DA:53,18
DA:54,18
DA:56,18
DA:57,18
DA:58,18
DA:60,18
DA:61,36
DA:62,36
DA:66,36
DA:70,18
DA:79,6
DA:80,2
DA:82,2
DA:86,36
LF:40
LH:40
end_of_record
SF:lib\screens\nest\createNest.dart
DA:18,2
DA:20,2
DA:21,2
DA:45,1
DA:46,2
DA:47,1
DA:49,2
DA:51,2
DA:53,4
DA:54,5
DA:55,5
DA:57,1
DA:61,2
DA:64,4
DA:65,2
DA:68,2
DA:70,14
DA:71,10
DA:72,2
DA:73,6
DA:74,8
DA:76,2
DA:78,6
DA:79,6
DA:80,8
DA:82,6
DA:83,4
DA:87,1
DA:88,5
DA:89,2
DA:92,7
DA:93,1
DA:94,4
DA:96,5
DA:97,1
DA:98,3
DA:99,4
DA:100,1
DA:101,0
DA:106,2
DA:107,2
DA:108,2
DA:109,2
DA:110,2
DA:111,0
DA:113,4
DA:114,2
DA:116,4
DA:118,4
DA:120,2
DA:121,2
DA:122,1
DA:123,2
DA:124,3
DA:127,2
DA:128,2
DA:129,8
DA:133,0
DA:137,2
DA:138,2
DA:139,2
DA:140,2
DA:141,2
DA:142,2
DA:144,2
DA:145,4
DA:146,2
DA:147,2
DA:149,4
DA:151,3
DA:152,2
DA:153,2
DA:155,2
DA:156,2
DA:157,8
DA:158,0
DA:160,0
DA:161,0
DA:166,2
DA:167,10
DA:168,0
DA:170,2
DA:171,2
DA:172,2
DA:173,2
DA:174,2
DA:176,2
DA:178,2
DA:179,2
DA:180,2
DA:181,2
DA:182,2
DA:183,2
DA:188,2
DA:189,8
DA:193,2
DA:194,1
DA:195,1
DA:196,2
DA:197,3
DA:198,1
DA:199,1
DA:200,2
DA:202,3
DA:203,2
DA:205,1
DA:206,2
DA:210,2
DA:215,2
LF:109
LH:102
end_of_record
SF:lib\services\locationService.dart
DA:6,11
DA:8,1
DA:9,1
DA:10,1
DA:16,0
DA:17,0
DA:23,1
DA:29,0
DA:31,0
DA:32,0
DA:33,0
DA:34,0
DA:35,0
DA:36,0
DA:37,0
DA:38,0
DA:39,0
DA:48,0
DA:49,0
DA:50,0
DA:51,0
DA:52,0
DA:53,0
DA:54,0
DA:55,0
DA:56,0
DA:57,0
DA:58,0
DA:59,0
DA:60,0
DA:70,0
DA:72,0
DA:73,0
DA:74,0
DA:75,0
DA:76,0
DA:77,0
DA:78,0
DA:79,0
DA:80,0
LF:40
LH:5
end_of_record
SF:lib\screens\nest\editNest.dart
DA:25,8
DA:27,8
DA:28,8
DA:51,0
DA:53,0
DA:57,8
DA:59,8
DA:60,16
DA:62,8
DA:65,8
DA:66,8
DA:67,40
DA:68,64
DA:69,16
DA:70,48
DA:72,24
DA:73,40
DA:74,24
DA:75,16
DA:76,16
DA:83,32
DA:84,16
DA:88,8
DA:90,8
DA:91,56
DA:92,56
DA:94,24
DA:95,24
DA:96,24
DA:97,32
DA:98,24
DA:99,8
DA:100,0
DA:102,8
DA:103,12
DA:104,2
DA:105,4
DA:106,2
DA:110,8
DA:111,12
DA:112,6
DA:118,8
DA:119,16
DA:120,0
DA:122,32
DA:123,2
DA:124,6
DA:126,10
DA:127,14
DA:128,12
DA:130,4
DA:132,8
DA:135,8
DA:136,8
DA:137,16
DA:138,4
DA:139,8
DA:144,16
DA:145,40
DA:149,6
DA:150,21
DA:153,8
DA:154,8
DA:155,32
DA:156,32
DA:157,8
DA:159,0
DA:162,8
DA:164,8
DA:166,8
DA:167,8
DA:168,0
DA:170,16
DA:171,8
DA:173,8
DA:174,37
DA:175,5
DA:176,15
DA:177,10
DA:178,6
DA:180,5
DA:181,8
DA:183,21
DA:184,8
DA:185,8
DA:187,8
DA:188,21
DA:189,5
DA:190,5
DA:192,5
DA:193,10
DA:194,5
DA:196,0
DA:197,8
DA:198,8
DA:204,0
DA:209,8
DA:211,8
DA:212,0
DA:214,42
DA:215,36
DA:216,39
DA:218,8
DA:219,8
DA:220,8
DA:221,8
DA:223,8
DA:224,8
DA:225,8
DA:226,1
DA:227,1
DA:228,1
DA:229,2
DA:230,1
DA:231,2
DA:232,1
DA:233,1
DA:235,1
DA:236,3
DA:238,5
DA:239,2
DA:240,2
DA:241,4
DA:242,1
DA:243,3
DA:244,2
DA:247,8
DA:251,2
DA:252,4
DA:253,2
DA:256,2
DA:257,2
DA:258,2
DA:259,4
DA:260,2
DA:261,5
DA:262,2
DA:266,8
DA:267,8
DA:268,8
DA:269,8
DA:271,8
DA:275,8
DA:278,1
DA:280,4
DA:281,4
DA:282,1
DA:283,3
DA:284,5
DA:285,1
DA:286,3
DA:287,1
DA:288,1
DA:290,1
DA:293,1
DA:297,1
DA:298,1
DA:299,0
DA:300,0
DA:302,2
DA:304,1
DA:305,1
DA:307,4
DA:308,1
DA:309,0
DA:311,4
DA:312,10
DA:316,2
DA:323,2
DA:324,6
DA:325,2
DA:330,8
DA:331,8
DA:333,8
DA:335,8
DA:338,8
DA:339,11
DA:340,1
DA:341,0
DA:342,0
DA:344,0
DA:348,2
DA:349,1
DA:350,1
DA:353,5
DA:354,13
DA:355,16
DA:356,8
DA:357,8
DA:358,8
DA:359,8
DA:360,8
DA:361,8
DA:362,1
DA:363,1
DA:364,1
DA:365,1
DA:367,1
DA:375,2
DA:376,2
DA:377,4
DA:378,6
DA:379,6
DA:386,8
DA:387,16
DA:393,8
DA:394,45
DA:397,8
DA:398,8
DA:399,8
DA:401,16
DA:402,8
DA:403,16
DA:404,8
DA:406,8
DA:407,16
DA:408,8
DA:409,16
DA:410,8
DA:412,32
DA:414,3
DA:416,16
DA:420,8
DA:421,8
DA:423,8
DA:424,8
DA:425,8
DA:426,8
DA:427,8
DA:429,16
DA:436,8
DA:437,8
DA:439,8
DA:440,8
DA:441,8
DA:442,8
DA:444,8
DA:445,8
DA:446,16
DA:447,8
DA:448,32
DA:449,8
DA:450,8
DA:451,1
DA:452,2
DA:453,4
DA:457,8
DA:458,8
DA:459,16
DA:460,16
DA:461,32
DA:462,8
DA:463,8
DA:464,24
DA:465,16
DA:466,8
DA:467,8
DA:468,16
DA:470,8
DA:471,8
DA:475,8
LF:261
LH:246
end_of_record
SF:lib\screens\nest\mapCreateNest.dart
DA:18,2
DA:20,1
DA:21,1
DA:61,1
DA:63,1
DA:64,4
DA:65,1
DA:66,0
DA:69,7
DA:70,5
DA:72,3
DA:73,3
DA:74,3
DA:75,5
DA:76,1
DA:77,5
DA:78,5
DA:79,2
DA:80,1
DA:81,1
DA:82,1
DA:83,1
DA:84,3
DA:89,1
DA:90,0
DA:91,0
DA:99,5
DA:100,1
DA:101,2
DA:102,1
DA:103,1
DA:104,1
DA:105,1
DA:106,3
DA:111,1
DA:112,0
DA:113,0
DA:122,1
DA:124,2
DA:125,1
DA:126,2
DA:127,1
DA:131,1
DA:133,1
DA:135,1
DA:136,1
DA:137,1
DA:138,1
DA:139,1
DA:142,1
DA:145,1
DA:146,0
DA:147,0
DA:152,1
DA:155,1
DA:156,1
DA:158,1
DA:159,2
DA:161,2
DA:162,1
DA:163,0
DA:164,0
DA:167,0
DA:168,0
DA:169,0
DA:170,0
DA:171,0
DA:172,0
DA:173,0
DA:179,2
DA:184,1
DA:185,1
DA:187,0
DA:188,0
DA:189,0
DA:193,1
DA:194,1
DA:195,0
DA:196,0
DA:197,0
DA:198,0
DA:200,0
DA:205,0
DA:206,0
DA:209,1
DA:211,1
DA:212,2
LF:87
LH:61
end_of_record
SF:lib\screens\settings\listMarkerColorGroups.dart
DA:11,3
DA:13,3
DA:15,3
DA:16,3
DA:22,1
DA:23,2
DA:24,5
DA:28,0
DA:29,0
DA:30,0
DA:31,0
DA:35,3
DA:37,3
DA:40,3
DA:42,3
DA:43,9
DA:44,9
DA:48,3
DA:49,3
DA:51,3
DA:52,3
DA:53,1
DA:55,3
DA:56,3
DA:57,1
DA:59,3
DA:60,3
DA:61,6
DA:62,3
DA:67,3
DA:68,6
DA:69,8
DA:70,3
DA:73,3
DA:75,3
DA:76,3
DA:77,3
DA:78,3
DA:79,3
DA:82,3
DA:83,3
DA:85,3
DA:86,3
LF:43
LH:39
end_of_record
SF:lib\screens\settings\settings.dart
DA:18,3
DA:19,3
DA:20,3
DA:35,3
DA:37,3
DA:38,9
DA:39,18
DA:40,3
DA:42,9
DA:43,9
DA:44,9
DA:45,18
DA:46,9
DA:47,3
DA:48,6
DA:49,3
DA:50,3
DA:52,2
DA:59,1
DA:62,1
DA:63,1
DA:64,1
DA:65,1
DA:66,1
DA:67,1
DA:68,2
DA:69,2
DA:71,1
DA:72,1
DA:73,1
DA:74,1
DA:75,2
DA:76,1
DA:81,0
DA:83,0
DA:87,1
DA:88,1
DA:89,0
DA:91,0
DA:93,1
DA:95,1
DA:96,1
DA:97,1
DA:98,1
DA:99,2
DA:100,2
DA:101,2
DA:102,1
DA:103,1
DA:104,2
DA:105,1
DA:107,0
DA:112,1
DA:122,3
DA:123,4
DA:125,1
DA:126,1
DA:127,1
DA:128,2
DA:130,3
DA:131,1
DA:134,3
DA:138,3
DA:139,4
DA:140,1
DA:141,1
DA:142,4
DA:143,1
DA:144,1
DA:145,1
DA:146,1
DA:147,3
DA:148,1
DA:149,2
DA:150,2
DA:154,3
DA:155,1
DA:158,3
DA:161,1
DA:162,2
DA:165,2
DA:166,2
DA:167,5
DA:168,1
DA:169,1
DA:170,2
DA:171,1
DA:172,1
DA:173,1
DA:174,1
DA:175,2
DA:176,2
DA:177,1
DA:178,1
DA:179,1
DA:180,1
DA:182,1
DA:188,2
DA:189,1
DA:190,1
DA:191,1
DA:192,1
DA:193,2
DA:194,1
DA:196,1
DA:198,1
DA:199,1
DA:200,1
DA:201,1
DA:203,1
DA:214,1
DA:216,1
DA:217,1
DA:218,2
DA:219,5
DA:220,1
DA:221,1
DA:222,2
DA:223,1
DA:224,2
DA:225,1
DA:226,1
DA:227,1
DA:228,1
DA:229,2
DA:230,2
DA:231,1
DA:232,1
DA:233,0
DA:234,1
DA:235,2
DA:237,0
DA:238,0
DA:239,0
DA:240,0
DA:242,1
DA:244,1
DA:245,1
DA:246,1
DA:248,1
DA:259,0
DA:262,0
DA:263,0
DA:267,0
DA:272,0
DA:275,0
DA:276,0
DA:277,0
DA:281,0
DA:283,0
DA:284,0
DA:287,0
DA:294,1
DA:295,2
DA:296,1
DA:297,1
DA:298,1
DA:299,1
DA:300,2
DA:304,1
DA:305,7
DA:306,1
DA:307,1
DA:308,2
DA:309,2
DA:310,6
DA:311,3
DA:315,1
DA:318,1
DA:319,8
DA:320,3
DA:321,3
DA:326,1
DA:328,1
DA:329,0
DA:331,1
DA:332,1
DA:333,1
DA:338,8
DA:339,1
DA:340,2
DA:341,3
DA:342,2
DA:343,3
DA:344,3
DA:345,1
DA:347,3
DA:350,8
DA:352,1
DA:353,0
DA:354,0
DA:355,0
DA:356,0
DA:357,0
DA:358,0
DA:359,0
DA:362,6
DA:363,1
DA:364,1
DA:365,1
DA:366,1
DA:367,1
DA:368,2
DA:369,2
DA:370,1
DA:371,1
DA:372,0
DA:373,0
DA:375,1
DA:387,1
DA:388,1
DA:389,0
DA:390,0
DA:391,0
DA:392,0
DA:393,0
DA:394,0
DA:395,0
DA:396,0
DA:398,0
DA:409,3
DA:410,4
DA:412,2
DA:413,1
DA:414,2
DA:416,1
DA:417,1
DA:418,3
DA:421,1
DA:422,6
DA:423,1
DA:427,1
DA:429,1
DA:430,1
DA:431,1
DA:432,1
DA:433,1
DA:434,1
DA:437,1
DA:439,1
DA:440,2
DA:441,1
DA:443,1
DA:445,1
DA:446,1
DA:447,1
DA:448,2
DA:449,1
DA:450,1
DA:451,2
DA:454,1
DA:455,1
DA:456,2
DA:457,1
DA:458,1
DA:459,2
DA:462,1
DA:463,1
DA:464,1
DA:465,2
DA:466,2
DA:468,1
DA:469,2
DA:472,1
DA:473,2
DA:476,1
DA:478,3
DA:479,1
DA:483,1
DA:484,1
DA:485,1
DA:486,1
DA:488,1
DA:499,3
DA:500,2
DA:501,2
DA:502,2
DA:503,2
DA:504,2
DA:505,4
DA:506,1
DA:507,2
DA:508,2
DA:513,2
DA:514,2
DA:515,2
DA:516,2
DA:517,2
DA:518,4
DA:519,1
DA:520,2
DA:521,2
DA:528,2
DA:529,2
DA:531,2
DA:532,2
DA:533,2
DA:534,6
DA:535,2
DA:539,2
DA:540,2
DA:544,2
DA:545,1
DA:546,3
DA:547,1
DA:549,4
DA:552,2
DA:553,2
DA:554,2
DA:555,0
DA:556,0
DA:557,0
DA:558,0
DA:561,2
DA:563,2
DA:564,1
DA:565,1
DA:567,2
DA:568,2
DA:569,2
DA:570,2
DA:572,3
DA:575,3
DA:576,6
DA:578,3
DA:579,3
DA:580,3
DA:581,0
DA:582,0
DA:584,9
DA:585,3
DA:587,3
DA:588,3
DA:589,3
DA:590,1
DA:591,1
DA:593,9
DA:594,3
DA:596,3
DA:599,2
DA:600,2
DA:601,6
DA:602,2
DA:606,3
DA:608,3
DA:609,3
DA:610,3
DA:612,3
DA:614,3
DA:615,3
DA:616,3
DA:617,3
DA:618,8
DA:619,3
DA:620,3
DA:621,3
DA:622,6
DA:623,3
DA:624,3
DA:625,3
DA:626,3
DA:627,3
DA:628,3
LF:363
LH:316
end_of_record
SF:lib\screens\listMeasures.dart
DA:12,10
DA:14,5
DA:15,5
DA:25,2
DA:26,4
DA:27,10
DA:30,0
DA:31,0
DA:32,0
DA:33,0
DA:38,5
DA:40,5
DA:41,10
DA:44,5
DA:46,5
DA:47,15
DA:48,15
DA:53,0
DA:54,0
DA:55,0
DA:58,0
DA:60,0
DA:65,5
DA:66,5
DA:68,5
DA:69,5
DA:70,2
DA:71,4
DA:72,6
DA:73,2
DA:75,5
DA:76,5
DA:77,10
DA:78,5
DA:79,5
DA:80,5
DA:86,5
DA:87,25
DA:88,0
DA:91,5
DA:92,10
DA:93,27
DA:97,5
DA:99,5
DA:100,10
DA:101,5
DA:102,5
DA:103,10
DA:104,5
DA:105,10
DA:106,10
DA:107,5
DA:108,0
DA:109,0
DA:111,5
DA:114,5
DA:115,5
DA:116,10
DA:121,5
DA:122,5
DA:123,5
DA:125,5
DA:126,5
LF:63
LH:51
end_of_record
SF:lib\screens\settings\editDefaultSettings.dart
DA:16,4
DA:18,2
DA:19,2
DA:39,2
DA:41,2
DA:42,6
DA:43,6
DA:44,6
DA:45,16
DA:46,2
DA:47,2
DA:48,2
DA:51,4
DA:55,2
DA:57,2
DA:60,1
DA:61,3
DA:63,2
DA:66,2
DA:68,2
DA:69,2
DA:70,2
DA:72,4
DA:73,4
DA:74,2
DA:75,8
DA:76,2
DA:77,4
DA:78,1
DA:79,2
DA:80,2
DA:83,2
DA:84,2
DA:85,4
DA:86,0
DA:87,0
DA:88,0
DA:91,2
DA:92,2
DA:93,4
DA:95,2
DA:96,4
DA:97,2
DA:99,2
LF:44
LH:41
end_of_record
SF:lib\screens\experiment\editExperiment.dart
DA:15,6
DA:17,3
DA:18,3
DA:37,3
DA:39,3
DA:40,12
DA:41,21
DA:42,12
DA:43,9
DA:44,9
DA:45,12
DA:47,2
DA:49,6
DA:50,6
DA:54,3
DA:56,6
DA:57,3
DA:66,3
DA:67,9
DA:68,21
DA:69,3
DA:70,3
DA:71,1
DA:77,3
DA:78,3
DA:79,3
DA:80,3
DA:81,3
DA:82,0
DA:84,6
DA:85,3
DA:87,16
DA:88,3
DA:89,3
DA:90,12
DA:91,1
DA:92,1
DA:94,3
DA:97,1
DA:98,2
DA:99,3
DA:100,2
DA:101,3
DA:102,0
DA:103,0
DA:104,0
DA:116,3
DA:117,3
DA:118,3
DA:119,3
DA:120,3
DA:121,6
DA:122,3
DA:123,3
DA:124,1
DA:125,2
DA:126,3
DA:127,2
DA:134,3
DA:135,9
DA:136,6
DA:137,3
DA:140,1
DA:141,2
DA:142,2
DA:147,3
DA:148,12
DA:149,3
DA:150,3
DA:151,3
DA:153,3
DA:154,3
DA:155,3
DA:156,3
DA:157,6
DA:158,3
DA:159,3
DA:161,3
DA:162,3
DA:163,6
DA:164,3
DA:165,0
DA:167,3
DA:168,3
DA:169,3
DA:170,3
DA:171,3
DA:172,9
DA:173,3
DA:174,3
DA:175,1
DA:176,1
DA:178,1
DA:179,1
DA:182,1
DA:183,1
DA:184,2
DA:185,0
DA:189,1
DA:190,1
DA:192,1
DA:193,2
DA:194,2
DA:202,3
DA:203,3
DA:205,3
DA:206,3
DA:207,9
DA:216,3
DA:217,3
DA:218,3
DA:219,3
DA:220,6
DA:223,3
DA:224,6
DA:225,6
DA:226,3
DA:227,6
DA:228,3
DA:229,15
DA:230,3
DA:232,3
DA:233,6
DA:235,3
DA:236,3
DA:237,6
DA:238,3
DA:239,3
LF:128
LH:122
end_of_record
SF:lib\screens\experiment\listExperiments.dart
DA:10,4
DA:12,2
DA:13,2
DA:19,2
DA:21,2
DA:24,2
DA:26,8
DA:27,2
DA:30,2
DA:31,2
DA:33,2
DA:34,1
DA:35,1
DA:37,2
DA:38,8
DA:39,2
DA:40,2
DA:46,0
DA:49,0
DA:51,0
DA:52,0
DA:53,0
DA:54,0
DA:55,0
DA:57,0
DA:58,0
DA:59,0
DA:60,0
DA:61,0
DA:62,0
DA:64,0
DA:69,0
DA:70,0
DA:71,0
DA:76,1
DA:77,6
DA:78,2
DA:79,0
DA:80,0
DA:81,0
DA:82,1
DA:83,2
DA:84,0
DA:89,1
DA:90,3
DA:92,1
DA:93,2
DA:94,1
DA:98,2
DA:99,4
DA:100,4
DA:101,2
DA:102,6
DA:103,6
DA:107,1
DA:108,1
DA:110,1
DA:111,1
DA:113,1
DA:114,2
DA:115,1
DA:116,1
DA:118,1
DA:119,1
DA:120,0
DA:121,0
DA:123,1
LF:67
LH:44
end_of_record
SF:lib\design\listScreenWidget.dart
DA:14,14
DA:33,7
DA:35,7
DA:36,14
DA:39,7
DA:41,7
DA:42,21
DA:43,21
DA:44,21
DA:45,42
DA:46,7
DA:47,29
DA:50,14
DA:55,2
DA:56,4
DA:57,6
DA:58,2
DA:59,4
DA:62,3
DA:63,3
DA:64,0
DA:70,3
DA:71,3
DA:72,3
DA:73,3
DA:74,15
DA:75,12
DA:76,3
DA:78,6
DA:79,3
DA:81,3
DA:82,3
DA:83,6
DA:84,3
DA:85,6
DA:86,3
DA:99,2
DA:100,4
DA:102,0
DA:104,2
DA:106,2
DA:107,2
DA:109,2
DA:110,2
DA:111,6
DA:112,2
DA:113,2
DA:114,2
DA:115,2
DA:117,4
DA:120,4
DA:124,7
DA:126,7
DA:128,7
DA:130,16
DA:131,2
DA:132,4
DA:133,2
DA:135,6
DA:136,0
DA:137,0
DA:138,0
DA:140,2
DA:141,4
DA:142,2
DA:146,7
DA:147,7
DA:148,7
DA:160,7
DA:163,34
DA:164,14
DA:165,7
DA:166,14
DA:167,5
DA:168,15
DA:169,10
DA:174,2
DA:175,2
DA:176,2
DA:177,2
DA:178,6
DA:179,2
DA:180,2
DA:181,4
DA:182,2
DA:184,2
DA:185,0
DA:186,0
DA:187,0
DA:188,0
DA:194,7
DA:196,7
DA:197,7
DA:198,14
DA:199,7
DA:200,7
DA:201,7
DA:202,14
DA:203,14
DA:204,7
DA:205,3
DA:206,6
DA:208,7
DA:211,7
DA:212,7
DA:213,14
DA:217,7
DA:218,8
DA:219,7
DA:220,28
DA:221,7
DA:222,7
DA:226,7
DA:227,7
DA:228,7
DA:229,7
DA:231,7
DA:232,7
DA:233,7
DA:235,7
DA:236,7
DA:237,7
DA:240,7
DA:242,7
DA:244,7
DA:245,7
DA:246,14
LF:127
LH:118
end_of_record
SF:lib\models\dataSearch.dart
DA:7,1
DA:8,1
DA:9,1
DA:12,1
DA:14,1
DA:15,1
DA:16,1
DA:17,0
DA:18,0
DA:24,1
DA:26,1
DA:27,1
DA:29,1
DA:31,0
DA:32,0
DA:37,0
DA:39,0
DA:42,1
DA:44,2
DA:45,1
DA:46,0
DA:48,1
DA:49,2
DA:51,1
DA:52,1
DA:53,2
DA:55,1
DA:57,1
DA:58,1
DA:59,2
DA:60,1
DA:64,1
DA:65,1
DA:66,2
DA:67,1
DA:77,1
LF:36
LH:29
end_of_record
SF:lib\screens\nest\findNest.dart
DA:9,2
DA:11,1
DA:12,1
DA:19,1
DA:20,2
DA:21,1
DA:23,3
DA:26,1
DA:28,1
DA:29,7
DA:32,1
DA:34,2
DA:35,1
DA:38,1
DA:39,1
DA:40,2
DA:41,1
DA:45,1
DA:46,0
DA:47,0
DA:51,3
DA:52,1
DA:53,1
DA:54,1
DA:55,1
DA:56,1
DA:58,2
DA:62,2
DA:63,1
DA:64,2
DA:66,3
DA:67,1
DA:68,4
DA:69,1
DA:74,3
DA:75,2
DA:82,1
DA:84,1
DA:86,1
DA:87,1
DA:89,1
DA:90,4
DA:91,1
DA:92,2
DA:93,1
DA:98,1
LF:46
LH:44
end_of_record
SF:lib\design\buildForm.dart
DA:5,1
DA:6,1
DA:7,1
DA:8,1
DA:16,1
DA:18,1
DA:21,1
DA:22,1
DA:23,1
DA:29,1
DA:30,1
DA:31,1
DA:38,1
LF:13
LH:13
end_of_record
SF:lib\screens\settings\editSpecies.dart
DA:12,4
DA:15,2
DA:16,2
DA:26,2
DA:28,2
DA:29,6
DA:30,6
DA:31,6
DA:32,8
DA:33,8
DA:35,2
DA:37,4
DA:41,2
DA:43,2
DA:46,2
DA:47,12
DA:48,2
DA:51,2
DA:53,2
DA:54,2
DA:55,2
DA:57,4
DA:58,4
DA:59,2
DA:60,6
DA:61,2
DA:62,12
LF:27
LH:27
end_of_record
SF:lib\screens\settings\listSpecies.dart
DA:11,4
DA:13,2
DA:14,2
DA:21,2
DA:23,2
DA:24,6
DA:25,6
DA:26,6
DA:27,2
DA:28,6
DA:29,2
DA:30,6
DA:32,4
DA:36,2
DA:38,2
DA:42,2
DA:43,2
DA:45,2
DA:46,0
DA:47,0
DA:49,2
DA:50,2
DA:51,4
DA:52,2
DA:53,2
DA:54,2
DA:58,0
DA:60,0
DA:63,1
DA:65,3
DA:66,6
DA:67,6
DA:68,6
DA:74,1
DA:77,1
DA:79,1
DA:80,1
DA:82,1
DA:83,1
DA:84,1
DA:85,1
DA:86,1
DA:87,1
DA:89,2
DA:95,0
DA:100,2
DA:101,6
DA:102,4
DA:103,2
DA:104,10
DA:105,2
LF:51
LH:46
end_of_record
SF:lib\screens\bird\listBirds.dart
DA:11,6
DA:13,3
DA:14,3
DA:23,3
DA:25,12
DA:26,3
DA:30,3
DA:32,3
DA:35,3
DA:36,3
DA:38,3
DA:40,3
DA:41,12
DA:42,3
DA:43,3
DA:51,1
DA:52,1
DA:54,1
DA:55,1
DA:57,1
DA:58,2
DA:59,1
DA:60,1
DA:61,1
DA:62,1
DA:63,1
DA:64,2
DA:65,2
DA:67,2
DA:68,2
DA:73,1
DA:74,1
DA:75,1
DA:76,1
DA:77,1
DA:79,1
DA:80,1
DA:81,1
DA:82,1
DA:84,1
DA:90,2
DA:91,10
DA:93,1
DA:94,2
DA:95,1
DA:99,1
DA:101,1
DA:102,2
DA:103,1
DA:104,1
DA:108,2
DA:109,12
DA:110,0
DA:113,2
DA:114,2
DA:115,3
DA:117,2
DA:118,2
DA:119,0
DA:122,0
DA:124,0
DA:127,3
DA:128,6
DA:129,3
DA:130,4
DA:131,3
DA:133,9
DA:134,9
DA:135,9
DA:136,9
DA:137,9
LF:71
LH:67
end_of_record
SF:lib\screens\listDatas.dart
DA:10,2
DA:11,1
DA:13,1
DA:15,1
DA:16,1
DA:17,1
DA:18,1
DA:19,1
DA:20,2
DA:21,2
DA:22,2
DA:26,1
DA:27,1
DA:28,2
DA:29,2
DA:30,2
LF:16
LH:16
end_of_record
SF:lib\screens\nest\listNests.dart
DA:12,2
DA:13,2
DA:15,2
DA:16,2
DA:35,2
DA:37,2
DA:39,2
DA:41,14
DA:42,2
DA:45,2
DA:47,2
DA:49,2
DA:50,2
DA:51,1
DA:52,6
DA:53,2
DA:55,2
DA:58,2
DA:59,2
DA:60,4
DA:61,2
DA:62,2
DA:63,2
DA:69,1
DA:70,1
DA:72,1
DA:73,1
DA:75,1
DA:76,3
DA:77,1
DA:78,1
DA:79,1
DA:80,1
DA:81,2
DA:82,2
DA:84,2
DA:85,2
DA:89,1
DA:91,1
DA:92,1
DA:93,1
DA:94,1
DA:95,1
DA:97,1
DA:98,1
DA:99,1
DA:100,1
DA:101,1
DA:103,1
DA:104,1
DA:105,1
DA:106,1
DA:108,1
DA:109,1
DA:110,1
DA:111,1
DA:112,1
DA:114,1
DA:115,1
DA:116,1
DA:117,1
DA:119,1
DA:126,1
DA:127,2
DA:128,2
DA:131,1
DA:132,2
DA:133,2
DA:136,1
DA:137,2
DA:138,2
DA:141,1
DA:142,2
DA:143,2
DA:146,1
DA:147,2
DA:148,2
DA:151,1
DA:152,2
DA:153,2
DA:157,1
DA:158,1
DA:159,4
DA:160,2
DA:161,3
DA:165,1
DA:166,2
DA:167,1
DA:168,1
DA:169,1
DA:170,1
DA:171,1
DA:172,1
DA:173,1
DA:174,1
DA:180,1
DA:181,6
DA:182,3
DA:183,1
DA:184,3
DA:185,3
DA:186,1
DA:187,2
DA:188,0
DA:189,0
DA:194,1
DA:195,1
DA:196,3
DA:199,1
DA:200,2
DA:201,4
DA:202,1
DA:203,4
DA:204,3
DA:205,3
DA:208,1
DA:209,3
DA:210,2
DA:211,1
DA:212,4
DA:213,1
DA:214,4
DA:215,3
DA:216,3
DA:219,1
DA:220,2
DA:221,2
DA:222,1
DA:223,4
DA:224,6
DA:227,0
DA:228,0
DA:229,0
DA:230,0
DA:231,0
DA:232,0
DA:235,2
DA:237,10
DA:239,6
DA:240,6
DA:241,6
DA:242,6
DA:243,6
DA:244,6
DA:255,2
DA:258,0
DA:260,0
LF:147
LH:137
end_of_record
SF:lib\screens\nest\mapNests.dart
DA:16,2
DA:18,1
DA:19,1
DA:51,1
DA:52,1
DA:55,1
DA:57,1
DA:58,7
DA:59,3
DA:60,4
DA:61,1
DA:62,0
DA:65,7
DA:66,4
DA:69,1
DA:70,6
DA:73,1
DA:74,1
DA:75,3
DA:76,2
DA:77,3
DA:78,3
DA:79,2
DA:80,0
DA:81,0
DA:82,0
DA:86,3
DA:87,3
DA:88,5
DA:89,3
DA:91,1
DA:92,2
DA:96,1
DA:98,2
DA:99,2
DA:100,1
DA:101,2
DA:102,1
DA:105,1
DA:106,1
DA:107,3
DA:109,5
DA:110,3
DA:111,2
DA:112,4
DA:113,4
DA:114,2
DA:119,1
DA:121,1
DA:123,2
DA:124,6
DA:125,1
DA:129,1
DA:131,3
DA:132,2
DA:133,2
DA:134,1
DA:135,2
DA:136,0
DA:137,0
DA:139,2
DA:140,2
DA:141,1
DA:142,6
DA:143,2
DA:144,0
DA:145,0
DA:146,0
DA:148,2
DA:149,2
DA:150,6
DA:153,1
DA:156,1
DA:157,1
DA:158,0
DA:159,0
DA:160,0
DA:161,0
DA:162,0
DA:163,0
DA:164,0
DA:165,0
DA:169,1
DA:170,1
DA:171,1
DA:172,1
DA:173,1
DA:174,1
DA:175,2
DA:176,1
DA:177,1
DA:178,1
DA:179,1
DA:180,1
DA:181,1
DA:182,1
DA:183,1
DA:189,1
DA:190,0
DA:191,0
DA:199,1
DA:200,1
DA:204,1
DA:207,1
DA:208,1
DA:209,1
DA:210,1
DA:211,2
DA:212,1
DA:214,1
DA:215,1
DA:216,1
DA:217,1
DA:218,1
DA:219,1
DA:221,0
DA:222,0
DA:223,0
DA:227,1
DA:228,1
DA:230,1
DA:231,1
DA:232,1
DA:233,2
DA:234,1
DA:235,1
DA:236,1
DA:237,2
DA:238,1
DA:239,2
DA:240,2
DA:246,2
DA:254,1
DA:255,1
DA:257,0
DA:258,0
DA:259,0
DA:263,1
DA:264,1
DA:267,1
DA:268,1
DA:269,2
DA:270,1
DA:272,1
DA:273,1
DA:274,1
DA:275,1
DA:276,1
DA:277,1
DA:278,1
DA:279,1
DA:280,2
DA:281,1
DA:282,2
DA:283,1
DA:287,1
DA:288,1
DA:292,1
DA:293,1
DA:295,1
DA:296,1
DA:297,1
DA:298,1
DA:312,1
DA:313,1
DA:315,1
DA:316,1
LF:167
LH:142
end_of_record
SF:lib\screens\statistics.dart
DA:12,2
DA:15,1
DA:16,1
DA:46,1
DA:48,1
DA:49,4
DA:50,6
DA:51,3
DA:52,3
DA:53,3
DA:54,3
DA:55,2
DA:59,1
DA:61,1
DA:64,1
DA:65,2
DA:66,0
DA:68,6
DA:70,2
DA:71,3
DA:73,1
DA:74,2
DA:75,1
DA:76,1
DA:80,3
DA:81,3
DA:84,1
DA:85,1
DA:87,1
DA:88,1
DA:89,2
DA:92,1
DA:93,2
DA:94,1
DA:95,1
DA:96,1
DA:98,1
DA:99,1
DA:100,1
DA:101,1
DA:102,1
DA:103,7
DA:104,2
DA:105,1
DA:107,3
DA:109,1
DA:110,1
DA:111,2
DA:112,1
DA:117,1
DA:119,1
DA:120,1
DA:121,1
DA:122,1
DA:123,1
DA:124,1
DA:125,1
DA:127,2
DA:128,1
DA:134,1
DA:136,1
DA:137,1
DA:138,1
DA:139,1
DA:140,1
DA:141,1
DA:142,1
DA:143,2
DA:144,1
DA:148,1
DA:149,1
DA:150,1
DA:152,1
DA:153,1
DA:154,2
DA:155,3
DA:156,1
DA:157,5
DA:158,6
DA:159,1
DA:161,1
DA:162,1
DA:163,1
DA:164,3
DA:165,7
DA:166,1
DA:170,1
DA:171,1
DA:172,1
DA:175,1
DA:176,1
DA:177,2
DA:178,3
DA:180,1
DA:181,1
DA:182,1
DA:184,1
DA:185,1
DA:186,2
DA:187,3
DA:188,1
DA:189,5
DA:190,6
DA:191,1
DA:192,1
DA:193,1
DA:194,1
DA:195,3
DA:196,7
DA:200,1
DA:201,1
DA:202,1
DA:209,0
DA:213,1
DA:215,2
DA:216,2
DA:217,1
DA:218,3
DA:219,1
DA:220,3
DA:222,3
DA:223,0
DA:227,1
DA:229,2
DA:230,2
DA:231,1
DA:232,3
DA:233,1
DA:234,2
DA:235,3
DA:240,0
DA:241,0
DA:243,0
DA:244,0
LF:134
LH:127
end_of_record
