SF:lib\design\experimentDropdown.dart
DA:12,2
DA:18,2
DA:19,2
DA:25,2
DA:27,2
DA:28,6
DA:31,2
DA:33,2
DA:34,2
DA:35,2
DA:36,8
DA:37,2
DA:38,2
DA:39,4
DA:40,2
DA:42,2
DA:43,1
DA:44,2
DA:45,1
DA:47,3
LF:20
LH:20
end_of_record
SF:lib\models\firestore\experiment.dart
DA:30,2
DA:44,0
DA:45,0
DA:47,1
DA:48,1
DA:49,2
DA:50,2
DA:51,2
DA:52,2
DA:53,2
DA:54,2
DA:55,1
DA:56,1
DA:57,0
DA:58,4
DA:59,4
DA:60,2
DA:61,4
DA:62,3
DA:63,3
DA:64,3
DA:65,3
DA:68,1
DA:69,1
DA:70,1
DA:71,1
DA:72,3
DA:73,3
DA:77,1
DA:79,1
DA:80,1
DA:81,1
DA:82,1
DA:83,1
DA:84,1
DA:85,1
DA:86,3
DA:87,1
DA:88,3
DA:89,1
DA:93,0
DA:94,0
DA:95,0
DA:102,0
DA:103,0
DA:104,0
DA:111,0
DA:112,0
DA:113,0
DA:114,0
DA:115,0
DA:116,0
DA:117,0
DA:118,0
DA:120,0
DA:121,0
DA:122,0
DA:123,0
DA:124,0
DA:125,0
DA:126,0
DA:127,0
DA:130,0
DA:131,0
DA:132,0
DA:137,0
DA:138,0
DA:140,0
DA:141,0
DA:142,0
DA:143,0
DA:144,0
DA:145,0
DA:147,0
DA:148,0
DA:149,0
DA:150,0
DA:151,0
DA:152,0
DA:153,0
DA:154,0
DA:157,0
DA:158,0
DA:159,0
DA:164,0
DA:165,0
DA:167,0
DA:172,0
DA:173,0
DA:174,0
DA:175,0
DA:179,0
DA:180,0
DA:181,0
DA:182,0
DA:187,0
DA:188,0
DA:189,0
DA:193,0
DA:194,0
DA:196,0
DA:197,0
DA:198,0
DA:199,0
DA:200,0
DA:201,0
DA:202,0
DA:203,0
DA:204,0
DA:205,0
DA:206,0
DA:208,0
DA:210,0
DA:211,0
DA:212,0
DA:213,0
DA:215,0
DA:216,0
DA:217,0
DA:218,0
DA:220,0
DA:221,0
DA:222,0
DA:224,0
DA:226,0
DA:227,0
DA:228,0
DA:237,0
DA:238,0
DA:241,1
DA:244,3
DA:247,2
DA:248,4
DA:249,1
DA:250,1
DA:251,2
DA:252,2
DA:253,1
DA:254,1
DA:256,1
DA:257,2
DA:259,3
DA:261,5
DA:267,1
DA:270,1
DA:273,3
DA:276,1
DA:277,0
DA:278,0
DA:279,0
DA:280,0
DA:281,0
DA:282,0
DA:283,0
DA:285,0
DA:286,0
DA:288,0
DA:290,0
DA:296,1
DA:299,0
DA:305,0
DA:307,0
DA:308,0
DA:312,0
DA:313,0
DA:314,0
DA:315,0
DA:318,0
DA:319,0
DA:320,0
DA:322,0
DA:323,0
DA:327,1
DA:333,1
DA:335,2
DA:337,1
DA:338,4
DA:340,1
DA:341,4
DA:345,3
DA:347,3
DA:349,1
DA:350,0
DA:351,0
DA:355,2
DA:356,3
DA:357,4
DA:358,3
DA:359,2
DA:360,2
DA:361,2
DA:362,4
DA:363,3
DA:364,1
DA:365,0
DA:368,0
DA:370,0
DA:371,0
DA:372,0
DA:373,0
DA:374,0
DA:375,0
DA:376,0
DA:377,0
DA:380,0
DA:381,0
DA:383,0
DA:384,0
DA:389,0
DA:391,0
DA:392,0
DA:393,0
DA:394,0
DA:395,0
DA:396,0
DA:397,0
DA:398,0
DA:399,0
DA:400,0
DA:401,0
DA:402,0
DA:403,0
DA:404,0
DA:407,0
DA:408,0
DA:409,0
DA:410,0
DA:411,0
DA:414,0
DA:415,0
DA:416,0
DA:417,0
DA:418,0
DA:422,0
DA:423,0
DA:429,1
DA:430,1
DA:431,1
DA:432,1
DA:433,1
DA:434,1
DA:435,1
DA:436,0
DA:437,3
DA:441,4
DA:442,4
DA:443,4
DA:445,1
DA:446,1
DA:447,1
DA:449,1
DA:450,1
DA:451,4
DA:452,0
DA:453,2
DA:454,1
DA:455,2
LF:257
LH:96
end_of_record
SF:lib\design\modifingButtons.dart
DA:20,4
DA:32,4
DA:33,4
DA:42,4
DA:44,4
DA:45,12
DA:46,12
DA:50,4
DA:51,4
DA:52,4
DA:53,4
DA:54,4
DA:55,4
DA:56,4
DA:57,4
DA:60,4
DA:61,4
DA:62,4
DA:64,4
DA:65,4
DA:66,8
DA:67,0
DA:68,0
DA:70,0
DA:71,0
DA:72,0
DA:74,0
DA:76,0
DA:80,0
DA:81,0
DA:82,0
DA:86,0
DA:87,0
DA:88,0
DA:89,0
DA:90,0
DA:92,0
DA:93,0
DA:94,0
DA:95,0
DA:97,0
DA:98,0
DA:100,0
DA:102,0
DA:103,0
DA:104,0
DA:105,0
DA:106,0
DA:107,0
DA:108,0
DA:116,0
DA:117,0
DA:121,0
DA:123,0
DA:134,4
DA:138,4
DA:139,4
DA:140,2
DA:141,8
DA:142,4
DA:143,2
DA:145,8
DA:146,10
DA:147,4
DA:148,0
DA:149,0
DA:151,0
DA:152,0
DA:153,0
DA:155,0
DA:157,0
DA:158,0
DA:159,0
DA:160,0
DA:161,0
DA:162,0
DA:166,0
DA:167,0
DA:168,0
DA:169,0
DA:171,0
DA:172,0
DA:173,0
DA:174,0
DA:176,0
DA:177,0
DA:178,0
DA:179,0
DA:181,0
DA:183,0
DA:184,0
DA:185,0
DA:186,0
DA:187,0
DA:188,0
DA:196,0
DA:198,0
DA:200,0
DA:210,2
DA:212,0
DA:214,2
DA:218,4
DA:223,4
DA:228,4
DA:229,0
DA:234,4
DA:236,16
DA:237,52
LF:108
LH:39
end_of_record
SF:lib\models\firestore\firestoreItem.dart
DA:18,0
DA:19,0
LF:2
LH:0
end_of_record
SF:lib\models\updateResult.dart
DA:10,4
DA:12,2
DA:17,0
DA:22,1
LF:4
LH:3
end_of_record
SF:lib\services\sharedPreferencesService.dart
DA:10,0
DA:14,0
DA:16,0
DA:17,0
DA:18,0
DA:22,0
DA:24,0
DA:25,0
DA:26,0
DA:29,0
DA:31,0
DA:32,0
DA:33,0
DA:36,0
DA:38,0
DA:40,0
DA:41,0
DA:42,0
DA:45,0
DA:47,0
DA:48,0
DA:49,0
DA:52,0
DA:54,0
DA:55,0
DA:56,0
DA:59,0
DA:61,0
DA:62,0
DA:63,0
DA:66,0
DA:68,0
DA:69,0
DA:70,0
DA:73,0
DA:75,0
DA:76,0
DA:77,0
DA:80,0
DA:81,0
DA:82,0
DA:85,0
DA:86,0
DA:87,0
DA:88,0
DA:92,0
DA:94,0
DA:95,0
DA:96,0
DA:98,0
DA:99,0
DA:102,0
DA:103,0
DA:106,0
DA:109,0
DA:111,0
DA:112,0
DA:113,0
DA:116,0
DA:118,0
DA:119,0
DA:120,0
DA:123,0
DA:124,0
DA:125,0
DA:126,0
DA:130,0
DA:131,0
DA:132,0
DA:133,0
DA:136,0
DA:138,0
DA:139,0
DA:140,0
DA:143,0
DA:144,0
DA:145,0
DA:148,0
DA:149,0
DA:150,0
DA:151,0
DA:153,0
DA:156,0
DA:157,0
DA:158,0
DA:159,0
DA:163,0
DA:164,0
DA:165,0
DA:166,0
DA:169,0
DA:170,0
DA:171,0
DA:172,0
DA:173,0
DA:174,0
DA:175,0
DA:176,0
DA:177,0
DA:178,0
LF:100
LH:0
end_of_record
SF:lib\design\homepageButton.dart
DA:10,6
DA:12,6
DA:14,6
DA:15,12
DA:16,6
DA:17,12
DA:18,6
DA:20,6
DA:21,6
DA:22,6
DA:23,2
DA:24,4
DA:25,0
DA:26,0
DA:28,0
DA:29,0
DA:30,0
DA:31,0
DA:32,0
DA:33,0
DA:34,0
DA:35,0
DA:37,0
DA:45,6
DA:47,6
DA:48,6
DA:49,6
DA:50,12
DA:52,6
DA:54,6
DA:55,6
DA:56,6
DA:59,6
DA:60,6
DA:61,6
LF:35
LH:24
end_of_record
SF:lib\services\authService.dart
DA:6,6
DA:10,0
DA:12,0
LF:3
LH:1
end_of_record
SF:lib\design\speciesRawAutocomplete.dart
DA:14,5
DA:25,5
DA:26,5
DA:33,5
DA:35,5
DA:36,25
DA:39,2
DA:41,2
DA:42,8
DA:43,5
DA:47,2
DA:49,5
DA:51,5
DA:52,5
DA:53,5
DA:54,5
DA:55,1
DA:56,3
DA:58,1
DA:59,1
DA:60,1
DA:62,1
DA:63,1
DA:64,1
DA:65,1
DA:66,2
DA:69,2
DA:70,1
DA:72,2
DA:73,0
DA:74,0
DA:78,0
DA:81,1
DA:84,5
DA:88,5
DA:89,5
DA:90,5
DA:93,5
DA:94,10
DA:95,15
DA:97,10
DA:98,5
DA:99,5
DA:100,5
DA:101,5
DA:102,5
DA:103,5
DA:104,10
DA:110,1
DA:111,1
DA:113,3
DA:115,2
DA:116,0
DA:118,0
DA:119,0
DA:121,0
DA:122,0
DA:123,0
DA:124,0
DA:125,0
DA:126,0
DA:127,0
DA:130,0
DA:131,0
DA:132,0
DA:133,0
DA:137,0
DA:145,3
DA:146,2
DA:151,1
DA:152,2
DA:155,5
DA:157,2
DA:158,1
DA:159,1
DA:160,3
LF:76
LH:58
end_of_record
SF:lib\models\firestore\species.dart
DA:10,7
DA:28,4
DA:29,4
DA:35,2
DA:36,2
DA:43,0
DA:44,0
DA:45,0
DA:46,0
DA:47,0
DA:48,0
DA:49,0
DA:50,0
DA:51,0
DA:55,0
DA:57,0
DA:60,2
DA:62,6
DA:65,2
DA:66,6
DA:67,6
DA:68,6
DA:71,0
DA:72,0
DA:75,0
DA:78,0
DA:81,0
DA:84,0
DA:87,0
DA:90,0
DA:93,0
DA:96,0
DA:99,0
DA:102,0
DA:105,0
DA:108,0
DA:111,0
DA:117,0
DA:118,0
DA:123,0
DA:124,0
DA:126,0
DA:131,0
DA:132,0
DA:134,0
DA:137,0
DA:138,0
DA:139,0
DA:141,0
DA:142,0
DA:143,0
DA:146,0
DA:147,0
DA:149,0
DA:154,0
DA:156,0
DA:157,0
DA:158,0
DA:159,0
DA:160,0
DA:161,0
DA:164,0
DA:165,0
DA:166,0
DA:167,0
DA:168,0
DA:169,0
DA:170,0
DA:173,0
DA:175,0
DA:176,0
DA:177,0
DA:178,0
DA:179,0
DA:180,0
DA:181,0
DA:182,0
DA:186,0
DA:188,0
DA:189,0
DA:190,0
DA:191,0
DA:192,0
DA:193,0
DA:194,0
DA:195,0
DA:196,0
DA:201,0
DA:202,0
DA:203,0
DA:204,0
DA:205,0
DA:206,0
DA:207,0
DA:208,0
DA:212,0
DA:214,0
DA:215,0
DA:216,0
DA:217,0
DA:218,0
DA:219,0
DA:220,0
DA:224,0
DA:225,0
DA:226,0
DA:227,0
DA:228,0
DA:229,0
DA:233,0
DA:235,0
DA:236,0
DA:237,0
DA:238,0
DA:239,0
DA:241,0
DA:242,0
DA:243,0
DA:244,0
DA:246,0
DA:247,0
DA:258,7
DA:260,6
DA:261,6
DA:262,12
DA:263,18
DA:267,0
DA:268,0
DA:269,0
DA:272,0
DA:273,0
DA:274,0
DA:275,0
DA:280,0
DA:282,0
DA:284,0
DA:285,0
DA:286,0
DA:287,0
DA:290,4
DA:292,1
DA:294,6
DA:295,3
DA:296,12
DA:297,4
LF:145
LH:22
end_of_record
SF:lib\design\textFormItem.dart
DA:11,1
DA:18,2
DA:20,1
DA:21,1
DA:27,1
DA:29,1
DA:30,4
DA:33,1
DA:35,2
DA:36,1
DA:40,1
DA:42,1
DA:43,4
DA:44,4
DA:48,1
DA:50,1
DA:51,1
DA:52,1
DA:53,1
DA:54,1
DA:55,1
DA:56,2
DA:59,2
DA:60,1
DA:62,2
DA:63,2
DA:64,1
DA:65,2
DA:66,1
DA:67,2
DA:69,1
DA:70,1
DA:71,1
DA:75,1
DA:76,1
DA:77,1
LF:36
LH:36
end_of_record
SF:lib\models\experimentedItem.dart
DA:12,4
DA:14,2
DA:15,2
DA:16,2
DA:17,3
DA:18,3
DA:21,2
DA:22,4
DA:23,6
DA:24,6
DA:29,4
DA:42,1
DA:45,2
DA:46,3
DA:47,2
DA:53,1
DA:58,4
DA:59,7
DA:60,2
DA:62,0
DA:63,0
DA:64,0
DA:69,24
DA:70,3
DA:73,8
DA:76,4
DA:79,28
DA:80,8
DA:82,24
DA:83,2
DA:88,0
DA:89,0
DA:90,0
DA:91,0
DA:92,0
DA:94,0
DA:100,0
DA:101,0
DA:102,0
DA:104,0
DA:105,0
DA:106,0
DA:108,0
DA:109,0
DA:110,0
DA:111,0
DA:114,0
DA:123,10
DA:124,0
LF:49
LH:28
end_of_record
SF:lib\models\measure.dart
DA:14,2
DA:15,6
DA:18,6
DA:19,6
DA:20,6
DA:21,6
DA:22,6
DA:23,18
DA:27,0
DA:28,0
DA:29,0
DA:31,0
DA:32,0
DA:33,0
DA:36,0
DA:37,0
DA:40,3
DA:41,3
DA:42,3
DA:43,3
DA:44,3
DA:45,3
DA:46,3
DA:47,6
DA:48,3
DA:52,0
DA:53,0
DA:54,0
DA:55,0
DA:56,0
DA:57,0
DA:58,0
DA:62,0
DA:63,0
DA:64,0
DA:65,0
DA:66,0
DA:69,0
DA:70,0
DA:71,0
DA:72,0
DA:76,0
DA:77,0
DA:82,0
DA:83,0
DA:84,0
DA:87,0
DA:88,0
DA:89,0
DA:90,0
DA:91,0
DA:92,0
DA:93,0
DA:95,0
DA:96,0
DA:98,0
DA:103,0
DA:105,0
DA:106,0
DA:108,0
DA:113,0
DA:114,0
DA:115,0
DA:116,0
DA:117,0
DA:120,0
DA:121,0
DA:122,0
DA:124,0
DA:126,0
DA:128,0
DA:130,0
DA:131,0
DA:132,0
DA:133,0
DA:137,0
DA:139,0
DA:140,0
DA:141,0
DA:142,0
DA:151,4
DA:153,8
DA:156,8
DA:160,0
DA:161,0
DA:162,0
DA:163,0
DA:164,0
DA:165,0
DA:166,0
DA:167,0
DA:170,0
DA:171,0
DA:172,0
DA:173,0
DA:175,0
DA:176,0
DA:177,0
DA:181,0
DA:182,0
DA:183,0
DA:194,0
DA:195,0
DA:196,0
DA:197,0
DA:198,0
DA:199,0
DA:201,0
DA:202,0
DA:204,0
DA:205,0
DA:206,0
DA:207,0
DA:210,0
DA:211,0
DA:212,0
DA:213,0
DA:214,0
DA:216,0
DA:218,0
DA:219,0
DA:220,0
DA:221,0
DA:223,0
DA:229,0
DA:230,0
DA:231,0
DA:232,0
DA:239,0
DA:241,0
DA:242,0
DA:243,0
DA:246,0
DA:247,0
DA:248,0
DA:249,0
DA:250,0
DA:251,0
DA:252,0
DA:254,0
DA:255,0
DA:256,0
DA:257,0
DA:259,0
DA:260,0
DA:261,0
DA:265,0
DA:266,0
DA:267,0
DA:276,4
DA:278,16
DA:279,28
DA:280,0
DA:281,8
DA:282,0
DA:284,8
DA:288,0
DA:292,4
DA:293,4
DA:294,4
DA:295,4
DA:296,4
DA:297,4
DA:300,1
DA:301,1
DA:303,4
DA:305,4
DA:306,4
DA:308,4
DA:309,4
DA:310,4
DA:311,4
DA:312,4
DA:313,4
DA:321,4
DA:322,4
DA:323,4
DA:324,4
DA:326,0
DA:327,0
DA:328,0
DA:334,2
DA:335,2
DA:336,2
DA:337,2
DA:338,2
DA:339,2
DA:340,2
DA:341,6
DA:342,2
DA:347,0
DA:348,0
DA:349,0
DA:351,0
DA:352,0
DA:353,0
DA:354,0
DA:355,0
LF:198
LH:55
end_of_record
SF:lib\models\firestore\bird.dart
DA:29,0
DA:30,0
DA:32,0
DA:33,0
DA:35,0
DA:36,0
DA:38,0
DA:53,0
DA:54,0
DA:58,0
DA:59,0
DA:62,0
DA:63,0
DA:66,0
DA:67,0
DA:68,0
DA:71,0
DA:72,0
DA:74,0
DA:76,0
DA:82,0
DA:83,0
DA:85,0
DA:86,0
DA:88,0
DA:89,0
DA:90,0
DA:91,0
DA:92,0
DA:93,0
DA:94,0
DA:95,0
DA:96,0
DA:97,0
DA:98,0
DA:101,0
DA:102,0
DA:103,0
DA:105,0
DA:106,0
DA:107,0
DA:108,0
DA:109,0
DA:110,0
DA:111,0
DA:112,0
DA:113,0
DA:114,0
DA:115,0
DA:116,0
DA:117,0
DA:118,0
DA:121,0
DA:122,0
DA:123,0
DA:124,0
DA:126,0
DA:134,0
DA:135,0
DA:136,0
DA:138,0
DA:142,0
DA:143,0
DA:146,0
DA:147,0
DA:153,0
DA:154,0
DA:155,0
DA:157,0
DA:158,0
DA:159,0
DA:160,0
DA:161,0
DA:162,0
DA:163,0
DA:164,0
DA:165,0
DA:166,0
DA:167,0
DA:168,0
DA:170,0
DA:171,0
DA:172,0
DA:174,0
DA:175,0
DA:177,0
DA:180,0
DA:185,0
DA:186,0
DA:187,0
DA:188,0
DA:189,0
DA:190,0
DA:191,0
DA:192,0
DA:193,0
DA:194,0
DA:195,0
DA:196,0
DA:197,0
DA:198,0
DA:199,0
DA:203,0
DA:204,0
DA:205,0
DA:206,0
DA:207,0
DA:211,0
DA:212,0
DA:213,0
DA:214,0
DA:217,0
DA:221,0
DA:222,0
DA:223,0
DA:227,0
DA:231,0
DA:233,0
DA:235,0
DA:236,0
DA:237,0
DA:238,0
DA:241,0
DA:243,0
DA:244,0
DA:245,0
DA:246,0
DA:250,0
DA:251,0
DA:254,0
DA:255,0
DA:256,0
DA:258,0
DA:260,0
DA:264,0
DA:267,0
DA:268,0
DA:271,0
DA:274,0
DA:277,0
DA:278,0
DA:279,0
DA:281,0
DA:284,0
DA:285,0
DA:288,0
DA:289,0
DA:293,0
DA:294,0
DA:297,0
DA:301,0
DA:302,0
DA:305,0
DA:306,0
DA:309,0
DA:310,0
DA:311,0
DA:312,0
DA:313,0
DA:314,0
DA:315,0
DA:317,0
DA:318,0
DA:319,0
DA:321,0
DA:323,0
DA:326,0
DA:329,0
DA:330,0
DA:334,0
DA:335,0
DA:336,0
DA:340,0
DA:342,0
DA:347,0
DA:349,0
DA:350,0
DA:353,0
DA:357,0
DA:359,0
DA:360,0
DA:363,0
DA:368,0
DA:369,0
DA:372,0
DA:373,0
DA:374,0
DA:376,0
DA:378,0
DA:380,0
DA:384,0
DA:387,0
DA:389,0
DA:390,0
DA:391,0
DA:393,0
DA:399,0
DA:400,0
DA:403,0
DA:409,0
DA:410,0
DA:412,0
DA:414,0
DA:415,0
DA:416,0
DA:418,0
DA:420,0
DA:425,0
DA:426,0
DA:427,0
DA:428,0
DA:431,0
DA:432,0
DA:433,0
DA:437,0
DA:441,0
DA:443,0
DA:444,0
DA:445,0
DA:446,0
DA:447,0
DA:448,0
DA:449,0
DA:450,0
DA:451,0
DA:452,0
DA:453,0
DA:454,0
DA:455,0
DA:460,0
DA:462,0
DA:463,0
DA:464,0
DA:465,0
DA:466,0
DA:467,0
DA:468,0
DA:469,0
DA:470,0
DA:471,0
DA:472,0
DA:473,0
DA:474,0
DA:478,0
DA:482,0
DA:483,0
DA:484,0
DA:485,0
DA:486,0
DA:487,0
DA:488,0
DA:489,0
DA:490,0
DA:491,0
LF:254
LH:0
end_of_record
SF:lib\models\firestoreItemMixin.dart
DA:18,0
DA:20,0
DA:22,0
DA:24,0
DA:25,0
DA:26,0
DA:27,0
DA:28,0
DA:29,0
DA:30,0
DA:31,0
DA:34,0
DA:35,0
DA:36,0
DA:37,0
DA:38,0
DA:39,0
DA:40,0
DA:41,0
DA:43,0
DA:46,2
DA:49,4
DA:50,2
DA:51,6
DA:52,4
DA:53,6
DA:54,2
DA:57,0
DA:60,0
DA:61,0
DA:62,0
DA:63,0
DA:64,0
DA:65,0
DA:66,0
DA:67,0
DA:70,0
DA:73,0
DA:75,0
DA:76,0
DA:78,0
DA:80,0
DA:82,0
DA:83,0
DA:85,0
DA:87,0
DA:88,0
DA:89,0
DA:90,0
DA:91,0
DA:93,0
DA:95,0
DA:99,0
DA:100,0
DA:101,0
DA:103,0
DA:105,0
DA:106,0
DA:107,0
DA:109,0
DA:110,0
DA:111,0
DA:112,0
DA:113,0
DA:114,0
DA:115,0
DA:116,0
DA:117,0
DA:118,0
DA:119,0
DA:120,0
DA:121,0
DA:122,0
DA:123,0
DA:124,0
DA:127,0
DA:128,0
DA:129,0
DA:130,0
DA:131,0
DA:132,0
DA:133,0
DA:134,0
DA:135,0
DA:136,0
DA:137,0
DA:138,0
DA:143,0
DA:145,0
DA:146,0
DA:148,0
DA:149,0
DA:150,0
DA:151,0
DA:152,0
DA:153,0
DA:155,0
DA:156,0
DA:157,0
DA:158,0
DA:159,0
DA:164,0
DA:165,0
DA:171,0
DA:173,0
DA:174,0
DA:175,0
DA:176,0
DA:177,0
DA:178,0
DA:182,0
DA:183,0
DA:185,0
DA:186,0
DA:189,0
DA:190,0
DA:191,0
DA:192,0
DA:197,0
DA:198,0
DA:201,0
DA:205,0
DA:206,0
DA:207,0
DA:210,0
DA:212,0
DA:213,0
DA:214,0
DA:216,0
DA:218,0
DA:220,0
DA:224,0
LF:132
LH:7
end_of_record
SF:lib\models\firestore\nest.dart
DA:29,8
DA:31,0
DA:32,0
DA:34,4
DA:47,4
DA:48,4
DA:51,0
DA:52,0
DA:55,0
DA:56,0
DA:57,0
DA:63,0
DA:64,0
DA:67,0
DA:68,0
DA:74,0
DA:75,0
DA:76,0
DA:77,0
DA:78,0
DA:79,0
DA:82,0
DA:84,0
DA:85,0
DA:88,0
DA:89,0
DA:90,0
DA:94,0
DA:95,0
DA:100,0
DA:103,0
DA:109,0
DA:110,0
DA:111,0
DA:116,2
DA:117,2
DA:118,2
DA:119,2
DA:120,2
DA:123,4
DA:125,4
DA:126,2
DA:127,2
DA:128,2
DA:129,0
DA:131,2
DA:132,2
DA:133,2
DA:134,2
DA:135,0
DA:136,0
DA:137,0
DA:138,2
DA:139,2
DA:140,2
DA:141,2
DA:143,2
DA:144,0
DA:145,0
DA:148,0
DA:151,0
DA:154,2
DA:158,2
DA:160,4
DA:162,4
DA:163,4
DA:164,8
DA:165,6
DA:166,2
DA:169,2
DA:173,4
DA:174,0
DA:177,10
DA:180,2
DA:181,2
DA:182,2
DA:183,2
DA:184,3
DA:185,2
DA:188,0
DA:191,0
DA:197,0
DA:199,0
DA:200,0
DA:201,0
DA:202,0
DA:206,0
DA:209,0
DA:210,0
DA:211,0
DA:212,0
DA:215,0
DA:216,0
DA:217,0
DA:220,0
DA:224,4
DA:226,28
DA:227,4
DA:230,4
DA:234,0
DA:236,0
DA:237,0
DA:238,0
DA:239,0
DA:240,0
DA:241,0
DA:242,0
DA:243,0
DA:244,0
DA:245,0
DA:246,0
DA:247,0
DA:248,0
DA:249,0
DA:250,0
DA:253,0
DA:257,0
DA:258,0
DA:259,0
DA:260,0
DA:261,0
DA:262,0
DA:263,0
DA:264,0
DA:265,0
DA:266,0
DA:267,0
DA:268,0
DA:269,0
DA:270,0
DA:272,0
DA:273,0
DA:275,0
DA:278,4
DA:279,4
DA:280,4
DA:281,4
DA:282,4
DA:283,4
DA:284,4
DA:285,4
DA:286,4
DA:287,4
DA:288,6
DA:289,4
DA:290,6
DA:291,18
DA:294,0
DA:295,0
DA:296,0
DA:297,0
DA:298,0
DA:300,0
DA:301,0
DA:302,0
DA:303,0
DA:304,0
DA:305,0
DA:306,0
DA:308,0
DA:309,0
DA:310,0
DA:311,0
DA:312,0
DA:316,0
DA:317,0
DA:318,0
DA:320,0
DA:321,0
DA:322,0
DA:323,0
DA:324,0
DA:325,0
DA:326,0
DA:327,0
DA:328,0
DA:329,0
DA:330,0
DA:331,0
DA:332,0
DA:333,0
DA:334,0
DA:344,0
DA:345,0
DA:348,4
DA:349,12
DA:352,4
DA:353,4
DA:354,8
DA:355,0
DA:356,8
DA:357,0
DA:358,8
DA:364,0
DA:365,0
DA:366,0
DA:369,0
DA:370,0
DA:371,0
DA:373,0
DA:375,0
DA:376,0
LF:202
LH:65
end_of_record
SF:lib\models\firestore\egg.dart
DA:22,1
DA:30,1
DA:31,1
DA:34,0
DA:35,0
DA:36,0
DA:39,1
DA:40,1
DA:41,1
DA:42,1
DA:43,1
DA:44,2
DA:45,1
DA:46,1
DA:47,3
DA:48,1
DA:49,1
DA:50,1
DA:52,1
DA:56,0
DA:58,0
DA:60,0
DA:62,0
DA:63,0
DA:64,0
DA:65,0
DA:66,0
DA:68,0
DA:71,0
DA:74,0
DA:76,0
DA:78,0
DA:80,0
DA:81,0
DA:82,0
DA:84,0
DA:89,0
DA:91,0
DA:92,0
DA:93,0
DA:94,0
DA:95,0
DA:96,0
DA:97,0
DA:98,0
DA:99,0
DA:100,0
DA:102,0
DA:103,0
DA:105,0
DA:108,0
DA:110,0
DA:111,0
DA:112,0
DA:113,0
DA:114,0
DA:115,0
DA:116,0
DA:117,0
DA:118,0
DA:119,0
DA:121,0
DA:125,0
DA:126,0
DA:129,1
DA:130,3
DA:133,1
DA:134,1
DA:135,2
DA:136,2
DA:137,1
DA:138,0
DA:140,3
DA:141,8
DA:147,0
DA:148,0
DA:150,0
DA:156,1
DA:157,1
DA:158,1
DA:159,2
DA:160,0
DA:162,0
DA:163,0
DA:164,0
DA:165,0
DA:167,0
DA:168,2
DA:169,0
DA:170,0
DA:172,0
DA:173,0
DA:175,0
DA:183,1
DA:184,2
DA:188,1
DA:189,3
DA:192,0
DA:193,0
DA:194,0
DA:196,0
DA:197,0
DA:198,0
DA:199,0
DA:200,0
DA:206,1
DA:208,1
DA:209,1
DA:210,1
DA:211,1
DA:212,1
DA:213,1
DA:214,3
DA:215,5
DA:219,0
DA:221,0
DA:222,0
DA:223,0
DA:224,0
DA:225,0
LF:120
LH:43
end_of_record
SF:lib\models\firestore\defaultSettings.dart
DA:31,0
DA:44,0
DA:46,0
DA:47,0
DA:48,0
DA:49,0
DA:50,0
DA:51,0
DA:52,0
DA:53,0
DA:54,0
DA:55,0
DA:59,0
DA:60,0
DA:62,0
DA:63,0
DA:65,0
DA:66,0
DA:67,0
DA:73,0
DA:74,0
DA:75,0
DA:76,0
DA:77,0
DA:78,0
DA:79,0
DA:80,0
DA:81,0
DA:82,0
DA:83,0
DA:84,0
DA:85,0
DA:86,0
DA:87,0
DA:88,0
DA:89,0
DA:90,0
DA:91,0
DA:93,0
DA:96,0
DA:101,0
DA:102,0
DA:105,0
DA:106,0
DA:107,0
DA:108,0
DA:109,0
DA:112,0
DA:117,0
DA:118,0
DA:120,0
DA:122,0
DA:124,0
DA:125,0
DA:126,0
DA:129,0
DA:131,0
DA:132,0
DA:133,0
DA:134,0
DA:135,0
DA:136,0
DA:137,0
DA:138,0
DA:139,0
DA:143,0
DA:145,0
DA:146,0
DA:147,0
DA:148,0
DA:149,0
DA:150,0
DA:151,0
DA:152,0
DA:153,0
DA:154,0
DA:159,0
DA:161,0
DA:162,0
DA:163,0
DA:164,0
DA:165,0
DA:166,0
DA:168,0
DA:169,0
DA:174,0
DA:175,0
DA:176,0
DA:178,0
DA:182,0
DA:183,0
DA:184,0
DA:187,0
DA:188,0
DA:189,0
DA:190,0
DA:191,0
DA:192,0
DA:193,0
DA:196,0
DA:197,0
DA:199,0
DA:201,0
DA:202,0
DA:204,0
DA:205,0
DA:206,0
DA:207,0
DA:210,0
DA:211,0
DA:213,0
DA:214,0
DA:215,0
DA:216,0
DA:219,0
DA:220,0
DA:221,0
DA:223,0
DA:227,0
DA:228,0
DA:229,0
DA:230,0
DA:233,0
DA:234,0
DA:235,0
DA:237,0
DA:241,0
DA:242,0
DA:243,0
DA:244,0
DA:247,0
DA:248,0
DA:250,0
DA:251,0
DA:252,0
DA:253,0
DA:254,0
DA:260,0
DA:262,0
DA:263,0
DA:264,0
DA:265,0
DA:266,0
LF:143
LH:0
end_of_record
SF:lib\screens\homepage.dart
DA:7,12
DA:9,6
DA:10,6
DA:15,6
DA:17,6
DA:18,12
DA:19,6
DA:20,12
DA:21,12
DA:23,6
DA:24,6
DA:25,18
DA:26,6
DA:27,6
DA:28,6
DA:30,1
DA:31,1
DA:36,6
DA:37,6
DA:38,6
DA:39,6
DA:43,6
DA:44,6
DA:46,6
DA:47,12
DA:48,12
DA:53,6
DA:54,6
DA:56,6
DA:57,6
DA:58,6
DA:60,6
DA:61,12
DA:62,12
DA:66,12
DA:70,6
DA:79,6
DA:80,2
DA:82,2
DA:86,12
LF:40
LH:40
end_of_record
SF:lib\screens\nest\mapforcreate.dart
DA:18,2
DA:20,1
DA:21,1
DA:61,1
DA:63,1
DA:64,4
DA:65,1
DA:66,0
DA:69,7
DA:70,5
DA:72,3
DA:73,3
DA:74,3
DA:75,5
DA:76,1
DA:77,5
DA:78,5
DA:79,2
DA:80,1
DA:81,1
DA:82,1
DA:83,1
DA:84,3
DA:89,1
DA:90,0
DA:91,0
DA:99,5
DA:100,1
DA:101,2
DA:102,1
DA:103,1
DA:104,1
DA:105,1
DA:106,3
DA:111,1
DA:112,0
DA:113,0
DA:122,1
DA:124,2
DA:125,1
DA:126,2
DA:127,1
DA:131,1
DA:133,1
DA:135,1
DA:136,1
DA:137,1
DA:138,1
DA:139,1
DA:142,1
DA:145,1
DA:146,0
DA:147,0
DA:152,1
DA:155,1
DA:156,1
DA:158,1
DA:159,2
DA:161,2
DA:162,1
DA:163,0
DA:164,0
DA:167,0
DA:168,0
DA:169,0
DA:170,0
DA:171,0
DA:172,0
DA:173,0
DA:179,2
DA:184,1
DA:185,1
DA:187,0
DA:188,0
DA:189,0
DA:193,1
DA:194,1
DA:195,0
DA:196,0
DA:197,0
DA:198,0
DA:200,0
DA:205,0
DA:206,0
DA:209,1
DA:211,1
DA:212,2
LF:87
LH:61
end_of_record
SF:lib\services\locationService.dart
DA:6,4
DA:8,0
DA:9,0
DA:10,0
DA:16,0
DA:17,0
DA:23,0
DA:29,0
DA:31,0
DA:32,0
DA:33,0
DA:34,0
DA:35,0
DA:36,0
DA:37,0
DA:38,0
DA:39,0
DA:48,0
DA:49,0
DA:50,0
DA:51,0
DA:52,0
DA:53,0
DA:54,0
DA:55,0
DA:56,0
DA:57,0
DA:58,0
DA:59,0
DA:60,0
DA:70,0
DA:72,0
DA:73,0
DA:74,0
DA:75,0
DA:76,0
DA:77,0
DA:78,0
DA:79,0
DA:80,0
LF:40
LH:1
end_of_record
SF:lib\screens\nest\nestCreate.dart
DA:18,1
DA:20,1
DA:21,1
DA:45,1
DA:46,2
DA:47,1
DA:49,2
DA:51,2
DA:53,4
DA:54,5
DA:55,5
DA:57,1
DA:61,1
DA:64,2
DA:65,1
DA:68,1
DA:70,7
DA:71,5
DA:72,1
DA:73,3
DA:74,4
DA:76,1
DA:78,3
DA:79,3
DA:80,4
DA:82,3
DA:83,2
DA:87,1
DA:88,5
DA:89,2
DA:92,7
DA:93,1
DA:94,4
DA:96,5
DA:97,1
DA:98,3
DA:99,4
DA:100,1
DA:101,0
DA:106,1
DA:107,1
DA:108,1
DA:109,1
DA:110,1
DA:111,0
DA:113,2
DA:114,1
DA:116,2
DA:118,2
DA:120,1
DA:121,1
DA:122,1
DA:123,2
DA:124,3
DA:127,1
DA:128,1
DA:129,4
DA:133,0
DA:137,1
DA:138,1
DA:139,1
DA:140,1
DA:141,1
DA:142,1
DA:144,1
DA:145,2
DA:146,1
DA:147,1
DA:149,2
DA:151,3
DA:152,1
DA:153,1
DA:155,1
DA:156,1
DA:157,4
DA:158,0
DA:160,0
DA:161,0
DA:166,1
DA:167,5
DA:168,0
DA:170,1
DA:171,1
DA:172,1
DA:173,1
DA:174,1
DA:176,1
DA:178,1
DA:179,1
DA:180,1
DA:181,1
DA:182,1
DA:183,1
DA:188,1
DA:189,4
DA:193,1
DA:194,1
DA:195,1
DA:196,2
DA:197,3
DA:198,1
DA:199,1
DA:200,2
DA:202,3
DA:203,2
DA:205,1
DA:206,2
DA:210,1
DA:215,1
LF:109
LH:102
end_of_record
SF:lib\screens\nest\nestManage.dart
DA:26,4
DA:28,4
DA:29,4
DA:51,0
DA:53,0
DA:57,4
DA:59,4
DA:60,8
DA:62,4
DA:65,4
DA:66,4
DA:67,20
DA:68,32
DA:69,8
DA:70,24
DA:72,12
DA:73,20
DA:74,12
DA:75,8
DA:76,8
DA:83,16
DA:84,8
DA:88,4
DA:90,4
DA:91,28
DA:92,28
DA:94,12
DA:95,12
DA:96,12
DA:97,16
DA:98,12
DA:99,4
DA:100,6
DA:101,1
DA:102,2
DA:103,1
DA:107,4
DA:108,6
DA:109,3
DA:115,4
DA:116,8
DA:117,0
DA:119,16
DA:120,1
DA:121,3
DA:123,5
DA:124,7
DA:125,6
DA:127,2
DA:129,4
DA:132,4
DA:133,4
DA:134,8
DA:135,2
DA:136,4
DA:141,8
DA:142,20
DA:146,4
DA:147,4
DA:148,16
DA:149,16
DA:150,4
DA:152,0
DA:155,4
DA:157,4
DA:159,4
DA:160,4
DA:161,0
DA:164,8
DA:165,4
DA:168,4
DA:169,4
DA:170,4
DA:172,4
DA:173,13
DA:174,1
DA:175,3
DA:176,2
DA:177,3
DA:179,2
DA:181,1
DA:182,2
DA:183,1
DA:185,0
DA:186,4
DA:187,4
DA:193,0
DA:198,4
DA:200,4
DA:201,0
DA:203,18
DA:204,10
DA:205,15
DA:207,4
DA:208,4
DA:209,4
DA:210,4
DA:212,4
DA:213,4
DA:214,4
DA:215,1
DA:216,1
DA:217,1
DA:218,2
DA:219,1
DA:220,2
DA:221,1
DA:224,1
DA:225,3
DA:227,5
DA:228,2
DA:229,2
DA:230,4
DA:231,1
DA:232,3
DA:233,2
DA:236,4
DA:240,0
DA:241,0
DA:242,0
DA:245,0
DA:246,0
DA:247,0
DA:248,0
DA:249,0
DA:250,0
DA:255,4
DA:256,4
DA:257,4
DA:258,4
DA:260,4
DA:264,4
DA:267,1
DA:269,4
DA:270,4
DA:271,1
DA:272,3
DA:273,5
DA:274,1
DA:275,3
DA:276,1
DA:277,1
DA:279,1
DA:282,1
DA:286,1
DA:287,1
DA:288,0
DA:289,0
DA:291,2
DA:293,1
DA:294,1
DA:296,4
DA:297,1
DA:298,0
DA:300,4
DA:301,10
DA:305,2
DA:312,0
DA:313,0
DA:314,0
DA:319,4
DA:320,4
DA:322,4
DA:324,4
DA:327,4
DA:328,4
DA:329,0
DA:330,0
DA:331,0
DA:333,0
DA:337,0
DA:338,0
DA:339,0
DA:342,2
DA:343,6
DA:344,8
DA:345,4
DA:346,4
DA:347,4
DA:348,4
DA:349,4
DA:350,4
DA:351,0
DA:352,0
DA:353,0
DA:354,0
DA:356,0
DA:364,0
DA:365,0
DA:366,0
DA:367,0
DA:368,0
DA:369,0
DA:370,0
DA:377,4
DA:378,8
DA:384,4
DA:385,24
DA:388,4
DA:389,4
DA:390,4
DA:392,8
DA:393,4
DA:394,8
DA:395,4
DA:397,4
DA:398,8
DA:399,4
DA:400,8
DA:401,4
DA:403,16
DA:405,0
DA:407,8
DA:411,4
DA:412,4
DA:414,4
DA:415,4
DA:416,4
DA:417,4
DA:418,4
DA:420,8
DA:427,4
DA:428,4
DA:430,4
DA:431,4
DA:432,4
DA:433,4
DA:435,4
DA:436,4
DA:437,8
DA:438,4
DA:439,16
DA:440,4
DA:441,4
DA:442,1
DA:443,2
DA:444,4
DA:448,4
DA:449,4
DA:450,8
DA:451,8
DA:452,16
DA:453,4
DA:454,4
DA:455,12
DA:456,8
DA:457,4
DA:458,20
LF:248
LH:205
end_of_record
SF:lib\screens\settings\settings.dart
DA:15,2
DA:16,2
DA:17,2
DA:30,2
DA:32,2
DA:33,6
DA:34,14
DA:35,6
DA:36,6
DA:37,6
DA:38,2
DA:39,6
DA:40,3
DA:41,3
DA:43,2
DA:50,0
DA:53,0
DA:54,0
DA:55,0
DA:56,0
DA:57,0
DA:58,0
DA:59,0
DA:60,0
DA:62,0
DA:63,0
DA:64,0
DA:65,0
DA:66,0
DA:71,0
DA:73,0
DA:77,0
DA:78,0
DA:79,0
DA:81,0
DA:83,0
DA:85,0
DA:86,0
DA:87,0
DA:88,0
DA:89,0
DA:90,0
DA:91,0
DA:93,0
DA:98,0
DA:109,2
DA:110,3
DA:112,1
DA:113,1
DA:114,0
DA:115,0
DA:117,3
DA:118,1
DA:121,2
DA:125,2
DA:126,3
DA:127,1
DA:128,1
DA:129,4
DA:130,1
DA:131,1
DA:132,0
DA:133,0
DA:134,0
DA:135,0
DA:136,0
DA:140,3
DA:141,1
DA:144,2
DA:147,0
DA:148,0
DA:150,0
DA:151,0
DA:152,0
DA:154,0
DA:155,0
DA:156,0
DA:157,0
DA:158,0
DA:159,0
DA:160,0
DA:161,0
DA:162,0
DA:163,0
DA:164,0
DA:165,0
DA:166,0
DA:167,0
DA:169,0
DA:175,0
DA:176,0
DA:177,0
DA:178,0
DA:179,0
DA:180,0
DA:181,0
DA:182,0
DA:183,0
DA:184,0
DA:185,0
DA:187,0
DA:198,0
DA:199,0
DA:201,0
DA:202,0
DA:203,0
DA:205,0
DA:206,0
DA:207,0
DA:208,0
DA:209,0
DA:210,0
DA:211,0
DA:212,0
DA:213,0
DA:214,0
DA:215,0
DA:216,0
DA:217,0
DA:218,0
DA:220,0
DA:226,0
DA:227,0
DA:228,0
DA:229,0
DA:230,0
DA:231,0
DA:232,0
DA:233,0
DA:234,0
DA:235,0
DA:236,0
DA:238,0
DA:249,0
DA:252,0
DA:253,0
DA:257,0
DA:262,0
DA:265,0
DA:266,0
DA:267,0
DA:271,0
DA:273,0
DA:274,0
DA:277,0
DA:284,0
DA:285,0
DA:286,0
DA:287,0
DA:288,0
DA:289,0
DA:290,0
DA:295,0
DA:296,0
DA:297,0
DA:298,0
DA:299,0
DA:303,0
DA:306,0
DA:307,0
DA:308,0
DA:309,0
DA:314,0
DA:316,0
DA:317,0
DA:319,0
DA:320,0
DA:321,0
DA:322,0
DA:325,0
DA:326,0
DA:330,0
DA:331,0
DA:332,0
DA:333,0
DA:334,0
DA:335,0
DA:336,0
DA:337,0
DA:339,0
DA:342,0
DA:344,0
DA:345,0
DA:346,0
DA:347,0
DA:348,0
DA:349,0
DA:350,0
DA:351,0
DA:354,0
DA:355,0
DA:356,0
DA:357,0
DA:358,0
DA:359,0
DA:360,0
DA:361,0
DA:362,0
DA:363,0
DA:364,0
DA:365,0
DA:366,0
DA:368,0
DA:380,0
DA:381,0
DA:382,0
DA:383,0
DA:384,0
DA:385,0
DA:386,0
DA:387,0
DA:388,0
DA:389,0
DA:391,0
DA:402,2
DA:403,3
DA:405,2
DA:406,0
DA:407,0
DA:409,1
DA:410,1
DA:411,2
DA:414,0
DA:415,0
DA:416,0
DA:417,0
DA:421,1
DA:423,1
DA:424,1
DA:425,1
DA:426,1
DA:427,1
DA:428,1
DA:431,1
DA:433,1
DA:434,2
DA:435,1
DA:437,1
DA:439,1
DA:440,1
DA:441,1
DA:442,2
DA:443,0
DA:444,0
DA:447,1
DA:448,1
DA:449,2
DA:450,0
DA:451,0
DA:454,1
DA:455,1
DA:456,1
DA:457,0
DA:458,0
DA:461,0
DA:462,0
DA:465,0
DA:467,3
DA:468,1
DA:470,1
DA:471,1
DA:472,0
DA:473,0
DA:476,0
DA:477,0
DA:480,0
DA:482,3
DA:483,1
DA:487,1
DA:488,1
DA:489,0
DA:490,0
DA:492,1
DA:503,2
DA:504,1
DA:505,1
DA:506,1
DA:507,1
DA:508,1
DA:509,2
DA:510,0
DA:511,0
DA:512,0
DA:519,1
DA:520,1
DA:521,1
DA:522,1
DA:523,1
DA:524,2
DA:525,0
DA:526,0
DA:527,0
DA:534,1
DA:535,1
DA:537,1
DA:538,1
DA:539,1
DA:540,3
DA:541,1
DA:545,2
DA:548,2
DA:549,4
DA:551,2
DA:552,2
DA:553,0
DA:554,0
DA:556,6
DA:557,2
DA:559,2
DA:560,2
DA:561,1
DA:562,1
DA:564,6
DA:565,2
DA:567,2
DA:570,1
DA:571,1
DA:572,3
DA:573,1
DA:577,2
DA:579,2
DA:580,2
DA:581,2
DA:583,2
DA:585,2
DA:586,2
DA:587,2
DA:588,2
DA:589,4
DA:590,2
DA:591,2
DA:592,2
DA:593,4
DA:594,2
DA:595,2
DA:596,2
DA:597,2
DA:598,2
DA:599,2
LF:339
LH:127
end_of_record
SF:lib\screens\nest\findNest.dart
DA:9,2
DA:11,1
DA:12,1
DA:19,1
DA:20,2
DA:21,1
DA:23,3
DA:26,1
DA:28,1
DA:29,7
DA:32,1
DA:34,2
DA:35,1
DA:38,1
DA:39,1
DA:40,2
DA:41,1
DA:45,1
DA:46,0
DA:47,0
DA:51,3
DA:52,1
DA:53,1
DA:54,1
DA:55,1
DA:56,1
DA:58,2
DA:62,2
DA:63,1
DA:64,2
DA:66,3
DA:67,1
DA:68,4
DA:69,1
DA:74,3
DA:75,2
DA:82,1
DA:84,1
DA:86,1
DA:87,1
DA:89,1
DA:90,4
DA:91,1
DA:92,2
DA:93,1
DA:98,1
LF:46
LH:44
end_of_record
SF:lib\design\buildForm.dart
DA:6,1
DA:7,1
DA:8,1
DA:9,1
DA:17,1
DA:19,1
DA:22,1
DA:23,1
DA:24,1
DA:30,1
DA:31,1
DA:32,1
DA:39,1
LF:13
LH:13
end_of_record
